Get system data (update data): 17.8999 секунд
Update main metrics: 0.0006 секунд
Predict system health (update data): 0.5368 секунд
Update health label: 0.0002 секунд
Update predictions text: 0.0001 секунд
Get user stats: 0.0000 секунд
Get user level: 0.0000 секунд
Update level label: 0.0002 секунд
TechCareApp init: 19.3916 секунд
Get system data (startup diagnosis): 5.0473 секунд
Predict system health (startup diagnosis): 0.5336 секунд
Get system data (health check): 6.9288 секунд
Save system data: 0.0005 секунд
Predict system health (health check): 0.5323 секунд
Check thresholds: 0.0000 секунд
Check system health (monitoring): 7.4676 секунд
Get system data (health check): 5.8013 секунд
Save system data: 0.0006 секунд
Predict system health (health check): 0.5357 секунд
Check thresholds: 0.0000 секунд
Check system health (monitoring): 6.3421 секунд
Get system data (health check): 5.8532 секунд
Save system data: 0.0006 секунд
Predict system health (health check): 0.5350 секунд
Check thresholds: 0.0000 секунд
Check system health (monitoring): 6.3939 секунд
Get system data (health check): 5.7708 секунд
Save system data: 0.0010 секунд
Predict system health (health check): 0.5369 секунд
Check thresholds: 0.0000 секунд
Check system health (monitoring): 6.3140 секунд
Get system data (health check): 5.7506 секунд
Save system data: 0.0006 секунд
Predict system health (health check): 0.5338 секунд
Check thresholds: 0.0000 секунд
Check system health (monitoring): 6.2895 секунд
Get system data (health check): 5.8298 секунд
Save system data: 0.0007 секунд
Predict system health (health check): 0.5349 секунд
Check thresholds: 0.0000 секунд
Check system health (monitoring): 6.3698 секунд
Get system data (health check): 6.0036 секунд
Save system data: 0.0006 секунд
Predict system health (health check): 0.5405 секунд
Check thresholds: 0.0000 секунд
Check system health (monitoring): 6.5508 секунд
GUI run: 249.9895 секунд
App run: 249.9907 секунд
Get system data (update data): 10.5936 секунд
Update main metrics: 0.0006 секунд
Predict system health (update data): 0.5392 секунд
Update health label: 0.0001 секунд
Update predictions text: 0.0000 секунд
Get user stats: 0.0000 секунд
Get user level: 0.0000 секунд
Update level label: 0.0003 секунд
TechCareApp init: 11.8871 секунд
Get system data (health check): 3.3749 секунд
Save system data: 0.0009 секунд
Predict system health (health check): 0.5408 секунд
Check thresholds: 0.0000 секунд
Check system health (monitoring): 3.9221 секунд
Get system data (startup diagnosis): 3.4290 секунд
Predict system health (startup diagnosis): 0.5355 секунд
Get system data (health check): 2.5083 секунд
Save system data: 0.0006 секунд
Predict system health (health check): 0.5358 секунд
Check thresholds: 0.0000 секунд
Check system health (monitoring): 3.0491 секунд
Get system data (health check): 2.5398 секунд
Save system data: 0.0007 секунд
Predict system health (health check): 0.5342 секунд
Check thresholds: 0.0000 секунд
Check system health (monitoring): 3.0791 секунд
Get system data (health check): 2.5129 секунд
Save system data: 0.0009 секунд
Predict system health (health check): 0.5355 секунд
Check thresholds: 0.0000 секунд
Check system health (monitoring): 3.0539 секунд
Get system data (health check): 2.8802 секунд
Save system data: 0.0006 секунд
Predict system health (health check): 0.5357 секунд
Check thresholds: 0.0000 секунд
Check system health (monitoring): 3.4228 секунд
Get system data (health check): 2.5217 секунд
Save system data: 0.0006 секунд
Predict system health (health check): 0.5343 секунд
Check thresholds: 0.0000 секунд
Check system health (monitoring): 3.0612 секунд
Get system data (health check): 2.6359 секунд
Save system data: 0.0007 секунд
Predict system health (health check): 0.5359 секунд
Check thresholds: 0.0000 секунд
Check system health (monitoring): 3.1780 секунд
Get system data (health check): 2.5601 секунд
Save system data: 0.0006 секунд
Predict system health (health check): 0.5356 секунд
Check thresholds: 0.0000 секунд
Check system health (monitoring): 3.1020 секунд
Get system data (health check): 2.5012 секунд
Save system data: 0.0007 секунд
Predict system health (health check): 0.5380 секунд
Check thresholds: 0.0000 секунд
Check system health (monitoring): 3.0458 секунд
Get system data (health check): 2.5665 секунд
Save system data: 0.0008 секунд
Predict system health (health check): 0.5520 секунд
Check thresholds: 0.0000 секунд
Check system health (monitoring): 3.1255 секунд
Get system data (health check): 2.5132 секунд
Save system data: 0.0007 секунд
Predict system health (health check): 0.5355 секунд
Check thresholds: 0.0000 секунд
Check system health (monitoring): 3.0540 секунд
Get system data (health check): 2.5870 секунд
Save system data: 0.0006 секунд
Predict system health (health check): 0.5354 секунд
Check thresholds: 0.0000 секунд
Check system health (monitoring): 3.1275 секунд
Get system data (health check): 2.5649 секунд
Save system data: 0.0007 секунд
Predict system health (health check): 0.5361 секунд
Check thresholds: 0.0000 секунд
Check system health (monitoring): 3.1081 секунд
Get system data (health check): 2.5020 секунд
Save system data: 0.0007 секунд
Predict system health (health check): 0.5370 секунд
Check thresholds: 0.0000 секунд
Check system health (monitoring): 3.0446 секунд
Get system data (health check): 2.5585 секунд
Save system data: 0.0006 секунд
Predict system health (health check): 0.5338 секунд
Check thresholds: 0.0000 секунд
Check system health (monitoring): 3.0978 секунд
Get system data (health check): 2.5734 секунд
Save system data: 0.0008 секунд
Predict system health (health check): 0.5364 секунд
Check thresholds: 0.0000 секунд
Check system health (monitoring): 3.1163 секунд
Get system data (health check): 2.5101 секунд
Save system data: 0.0011 секунд
Predict system health (health check): 0.5434 секунд
Check thresholds: 0.0000 секунд
Check system health (monitoring): 3.0592 секунд
Get system data (health check): 2.6221 секунд
Save system data: 0.0007 секунд
Predict system health (health check): 0.5335 секунд
Check thresholds: 0.0000 секунд
Check system health (monitoring): 3.1619 секунд
Get system data (health check): 2.8110 секунд
Save system data: 0.0009 секунд
Predict system health (health check): 0.5346 секунд
Check thresholds: 0.0000 секунд
Check system health (monitoring): 3.3514 секунд
Get system data (health check): 2.5747 секунд
Save system data: 0.0009 секунд
Predict system health (health check): 0.5330 секунд
Check thresholds: 0.0000 секунд
Check system health (monitoring): 3.1148 секунд
Get system data (health check): 2.6381 секунд
Save system data: 0.0010 секунд
Predict system health (health check): 0.5403 секунд
Check thresholds: 0.0000 секунд
Check system health (monitoring): 3.1840 секунд
Get system data (health check): 2.5901 секунд
Save system data: 0.0007 секунд
Predict system health (health check): 0.5410 секунд
Check thresholds: 0.0000 секунд
Check system health (monitoring): 3.1377 секунд
Get system data (health check): 2.4486 секунд
Save system data: 0.0011 секунд
Predict system health (health check): 0.5363 секунд
Check thresholds: 0.0000 секунд
Check system health (monitoring): 2.9910 секунд
Get system data (health check): 2.5416 секунд
Save system data: 0.0012 секунд
Predict system health (health check): 0.5368 секунд
Check thresholds: 0.0000 секунд
Check system health (monitoring): 3.0854 секунд
Get system data (health check): 2.7542 секунд
Save system data: 0.0009 секунд
Predict system health (health check): 0.5370 секунд
Check thresholds: 0.0000 секунд
Check system health (monitoring): 3.2978 секунд
Get system data (health check): 2.5396 секунд
Save system data: 0.0008 секунд
Predict system health (health check): 0.5344 секунд
Check thresholds: 0.0000 секунд
Check system health (monitoring): 3.0795 секунд
Get system data (health check): 2.6414 секунд
Save system data: 0.0016 секунд
Predict system health (health check): 0.5376 секунд
Check thresholds: 0.0000 секунд
Check system health (monitoring): 3.1862 секунд
Get system data (health check): 2.6768 секунд
Save system data: 0.0010 секунд
Predict system health (health check): 0.5371 секунд
Check thresholds: 0.0000 секунд
Check system health (monitoring): 3.2202 секунд
Get system data (health check): 2.6271 секунд
Save system data: 0.0007 секунд
Predict system health (health check): 0.5362 секунд
Check thresholds: 0.0000 секунд
Check system health (monitoring): 3.1690 секунд
Get system data (health check): 2.5950 секунд
Save system data: 0.0011 секунд
Predict system health (health check): 0.5372 секунд
Check thresholds: 0.0000 секунд
Check system health (monitoring): 3.1382 секунд
Get system data (health check): 2.5793 секунд
Save system data: 0.0012 секунд
Predict system health (health check): 0.5356 секунд
Check thresholds: 0.0000 секунд
Check system health (monitoring): 3.1212 секунд
Get system data (health check): 2.5505 секунд
Save system data: 0.0009 секунд
Predict system health (health check): 0.5352 секунд
Check thresholds: 0.0000 секунд
Check system health (monitoring): 3.0925 секунд
Get system data (health check): 2.6497 секунд
Save system data: 0.0009 секунд
Predict system health (health check): 0.5344 секунд
Check thresholds: 0.0000 секунд
Check system health (monitoring): 3.1903 секунд
Get system data (health check): 2.5580 секунд
Save system data: 0.0012 секунд
Predict system health (health check): 0.5382 секунд
Check thresholds: 0.0000 секунд
Check system health (monitoring): 3.1118 секунд
Get system data (health check): 2.6531 секунд
Save system data: 0.0017 секунд
Predict system health (health check): 0.5357 секунд
Check thresholds: 0.0000 секунд
Check system health (monitoring): 3.1959 секунд
Get system data (health check): 2.6177 секунд
Save system data: 0.0014 секунд
Predict system health (health check): 0.5397 секунд
Check thresholds: 0.0000 секунд
Check system health (monitoring): 3.1640 секунд
Get system data (health check): 2.5708 секунд
Save system data: 0.0014 секунд
Predict system health (health check): 0.5329 секунд
Check thresholds: 0.0000 секунд
Check system health (monitoring): 3.1099 секунд
Get system data (health check): 2.7913 секунд
Save system data: 0.0013 секунд
Predict system health (health check): 0.5342 секунд
Check thresholds: 0.0000 секунд
Check system health (monitoring): 3.3324 секунд
Get system data (health check): 3.0198 секунд
Save system data: 0.0014 секунд
Predict system health (health check): 0.5394 секунд
Check thresholds: 0.0000 секунд
Check system health (monitoring): 3.5660 секунд
Get system data (health check): 2.6681 секунд
Save system data: 0.0011 секунд
Predict system health (health check): 0.5352 секунд
Check thresholds: 0.0000 секунд
Check system health (monitoring): 3.2099 секунд
Get system data (health check): 2.7807 секунд
Save system data: 0.0012 секунд
Predict system health (health check): 0.5392 секунд
Check thresholds: 0.0000 секунд
Check system health (monitoring): 3.3262 секунд
Get system data (health check): 3.0190 секунд
Save system data: 0.0012 секунд
Predict system health (health check): 0.5371 секунд
Check thresholds: 0.0000 секунд
Check system health (monitoring): 3.5629 секунд
Get system data (health check): 2.6905 секунд
Save system data: 0.0013 секунд
Predict system health (health check): 0.5395 секунд
Check thresholds: 0.0000 секунд
Check system health (monitoring): 3.2383 секунд
Get system data (health check): 2.8876 секунд
Save system data: 0.0011 секунд
Predict system health (health check): 0.5340 секунд
Check thresholds: 0.0000 секунд
Check system health (monitoring): 3.4321 секунд
Get system data (health check): 2.7229 секунд
Save system data: 0.0013 секунд
Predict system health (health check): 0.5315 секунд
Check thresholds: 0.0000 секунд
Check system health (monitoring): 3.2637 секунд
Get system data (health check): 2.6560 секунд
Save system data: 0.0012 секунд
Predict system health (health check): 0.5340 секунд
Check thresholds: 0.0000 секунд
Check system health (monitoring): 3.1973 секунд
Get system data (health check): 2.5912 секунд
Save system data: 0.0011 секунд
Predict system health (health check): 0.5369 секунд
Check thresholds: 0.0000 секунд
Check system health (monitoring): 3.1352 секунд
Get system data (health check): 2.6689 секунд
Save system data: 0.0011 секунд
Predict system health (health check): 0.5388 секунд
Check thresholds: 0.0000 секунд
Check system health (monitoring): 3.2160 секунд
Get system data (health check): 2.7862 секунд
Save system data: 0.0012 секунд
Predict system health (health check): 0.5371 секунд
Check thresholds: 0.0000 секунд
Check system health (monitoring): 3.3306 секунд
Get system data (health check): 2.8377 секунд
Save system data: 0.0013 секунд
Predict system health (health check): 0.5396 секунд
Check thresholds: 0.0000 секунд
Check system health (monitoring): 3.3842 секунд
Get system data (health check): 2.7093 секунд
Save system data: 0.0017 секунд
Predict system health (health check): 0.5347 секунд
Check thresholds: 0.0000 секунд
Check system health (monitoring): 3.2511 секунд
Get system data (health check): 2.6579 секунд
Save system data: 0.0013 секунд
Predict system health (health check): 0.5351 секунд
Check thresholds: 0.0000 секунд
Check system health (monitoring): 3.1991 секунд
Get system data (health check): 2.6548 секунд
Save system data: 0.0012 секунд
Predict system health (health check): 0.5447 секунд
Check thresholds: 0.0000 секунд
Check system health (monitoring): 3.2067 секунд
Get system data (health check): 2.7336 секунд
Save system data: 0.0012 секунд
Predict system health (health check): 0.5362 секунд
Check thresholds: 0.0000 секунд
Check system health (monitoring): 3.2759 секунд
Get system data (health check): 2.5761 секунд
Save system data: 0.0012 секунд
Predict system health (health check): 0.5355 секунд
Check thresholds: 0.0000 секунд
Check system health (monitoring): 3.1180 секунд
Get system data (health check): 2.7658 секунд
Save system data: 0.0012 секунд
Predict system health (health check): 0.5435 секунд
Check thresholds: 0.0000 секунд
Check system health (monitoring): 3.3161 секунд
Get system data (health check): 2.6387 секунд
Save system data: 0.0011 секунд
Predict system health (health check): 0.5399 секунд
Check thresholds: 0.0000 секунд
Check system health (monitoring): 3.1858 секунд
Get system data (health check): 2.7113 секунд
Save system data: 0.0011 секунд
Predict system health (health check): 0.5391 секунд
Check thresholds: 0.0000 секунд
Check system health (monitoring): 3.2561 секунд
Get system data (health check): 2.5950 секунд
Save system data: 0.0019 секунд
Predict system health (health check): 0.5391 секунд
Check thresholds: 0.0000 секунд
Check system health (monitoring): 3.1424 секунд
Get system data (health check): 2.5961 секунд
Save system data: 0.0013 секунд
Predict system health (health check): 0.5364 секунд
Check thresholds: 0.0000 секунд
Check system health (monitoring): 3.1392 секунд
Get system data (health check): 2.6448 секунд
Save system data: 0.0017 секунд
Predict system health (health check): 0.5360 секунд
Check thresholds: 0.0000 секунд
Check system health (monitoring): 3.1883 секунд
Get system data (health check): 2.6900 секунд
Save system data: 0.0016 секунд
Predict system health (health check): 0.5340 секунд
Check thresholds: 0.0000 секунд
Check system health (monitoring): 3.2302 секунд
Get system data (health check): 2.6157 секунд
Save system data: 0.0020 секунд
Predict system health (health check): 0.5354 секунд
Check thresholds: 0.0000 секунд
Check system health (monitoring): 3.1596 секунд
Get system data (health check): 2.5930 секунд
Save system data: 0.0012 секунд
Predict system health (health check): 0.5422 секунд
Check thresholds: 0.0000 секунд
Check system health (monitoring): 3.1420 секунд
Get system data (health check): 2.5459 секунд
Save system data: 0.0018 секунд
Predict system health (health check): 0.5344 секунд
Check thresholds: 0.0000 секунд
Check system health (monitoring): 3.0878 секунд
Get system data (health check): 2.6015 секунд
Save system data: 0.0012 секунд
Predict system health (health check): 0.5334 секунд
Check thresholds: 0.0000 секунд
Check system health (monitoring): 3.1412 секунд
Get system data (health check): 2.6410 секунд
Save system data: 0.0017 секунд
Predict system health (health check): 0.5327 секунд
Check thresholds: 0.0000 секунд
Check system health (monitoring): 3.1807 секунд
Get system data (health check): 2.8431 секунд
Save system data: 0.0014 секунд
Predict system health (health check): 0.5340 секунд
Check thresholds: 0.0000 секунд
Check system health (monitoring): 3.3875 секунд
Get system data (health check): 2.5987 секунд
Save system data: 0.0013 секунд
Predict system health (health check): 0.5333 секунд
Check thresholds: 0.0000 секунд
Check system health (monitoring): 3.1392 секунд
Get system data (health check): 2.6639 секунд
Save system data: 0.0019 секунд
Predict system health (health check): 0.5352 секунд
Check thresholds: 0.0000 секунд
Check system health (monitoring): 3.2069 секунд
Get system data (health check): 2.8216 секунд
Save system data: 0.0012 секунд
Predict system health (health check): 0.5373 секунд
Check thresholds: 0.0003 секунд
Check system health (monitoring): 3.3764 секунд
Get system data (health check): 2.7676 секунд
Save system data: 0.0017 секунд
Predict system health (health check): 0.5365 секунд
Check thresholds: 0.0000 секунд
Check system health (monitoring): 3.3113 секунд
Get system data (health check): 2.6786 секунд
Save system data: 0.0016 секунд
Predict system health (health check): 0.5326 секунд
Check thresholds: 0.0000 секунд
Check system health (monitoring): 3.2186 секунд
Get system data (health check): 2.6133 секунд
Save system data: 0.0022 секунд
Predict system health (health check): 0.5346 секунд
Check thresholds: 0.0000 секунд
Check system health (monitoring): 3.1571 секунд
Get system data (health check): 2.7613 секунд
Save system data: 0.0016 секунд
Predict system health (health check): 0.5341 секунд
Check thresholds: 0.0000 секунд
Check system health (monitoring): 3.3031 секунд
Get system data (health check): 2.7069 секунд
Save system data: 0.0013 секунд
Predict system health (health check): 0.5358 секунд
Check thresholds: 0.0000 секунд
Check system health (monitoring): 3.2502 секунд
Get system data (health check): 2.7056 секунд
Save system data: 0.0017 секунд
Predict system health (health check): 0.5375 секунд
Check thresholds: 0.0000 секунд
Check system health (monitoring): 3.2497 секунд
Get system data (health check): 2.6483 секунд
Save system data: 0.0022 секунд
Predict system health (health check): 0.5376 секунд
Check thresholds: 0.0000 секунд
Check system health (monitoring): 3.1935 секунд
Get system data (health check): 2.6169 секунд
Save system data: 0.0019 секунд
Predict system health (health check): 0.5448 секунд
Check thresholds: 0.0000 секунд
Check system health (monitoring): 3.1711 секунд
Get system data (health check): 2.7328 секунд
Save system data: 0.0014 секунд
Predict system health (health check): 0.5369 секунд
Check thresholds: 0.0000 секунд
Check system health (monitoring): 3.2766 секунд
Get system data (health check): 2.7393 секунд
Save system data: 0.0034 секунд
Predict system health (health check): 0.5361 секунд
Check thresholds: 0.0000 секунд
Check system health (monitoring): 3.2850 секунд
Get system data (health check): 2.5904 секунд
Save system data: 0.0016 секунд
Predict system health (health check): 0.5343 секунд
Check thresholds: 0.0000 секунд
Check system health (monitoring): 3.1321 секунд
Get system data (health check): 2.6925 секунд
Save system data: 0.0015 секунд
Predict system health (health check): 0.5397 секунд
Check thresholds: 0.0000 секунд
Check system health (monitoring): 3.2396 секунд
Get system data (health check): 2.7138 секунд
Save system data: 0.0014 секунд
Predict system health (health check): 0.5367 секунд
Check thresholds: 0.0000 секунд
Check system health (monitoring): 3.2582 секунд
Get system data (health check): 2.6692 секунд
Save system data: 0.0013 секунд
Predict system health (health check): 0.5377 секунд
Check thresholds: 0.0000 секунд
Check system health (monitoring): 3.2136 секунд
Get system data (health check): 2.8115 секунд
Save system data: 0.0023 секунд
Predict system health (health check): 0.5357 секунд
Check thresholds: 0.0000 секунд
Check system health (monitoring): 3.3552 секунд
Get system data (health check): 2.6376 секунд
Save system data: 0.0023 секунд
Predict system health (health check): 0.5344 секунд
Check thresholds: 0.0000 секунд
Check system health (monitoring): 3.1805 секунд
Get system data (health check): 2.6287 секунд
Save system data: 0.0014 секунд
Predict system health (health check): 0.5354 секунд
Check thresholds: 0.0000 секунд
Check system health (monitoring): 3.1720 секунд
Get system data (health check): 2.6763 секунд
Save system data: 0.0019 секунд
Predict system health (health check): 0.5334 секунд
Check thresholds: 0.0000 секунд
Check system health (monitoring): 3.2168 секунд
Get system data (health check): 2.8503 секунд
Save system data: 0.0019 секунд
Predict system health (health check): 0.5379 секунд
Check thresholds: 0.0009 секунд
Check system health (monitoring): 3.4080 секунд
Get system data (health check): 2.6055 секунд
Save system data: 0.0014 секунд
Predict system health (health check): 0.5323 секунд
Check thresholds: 0.0000 секунд
Check system health (monitoring): 3.1449 секунд
Get system data (health check): 2.5781 секунд
Save system data: 0.0016 секунд
Predict system health (health check): 0.5394 секунд
Check thresholds: 0.0000 секунд
Check system health (monitoring): 3.1246 секунд
Get system data (health check): 2.6333 секунд
Save system data: 0.0015 секунд
Predict system health (health check): 0.5379 секунд
Check thresholds: 0.0000 секунд
Check system health (monitoring): 3.1782 секунд
Get system data (health check): 3.6285 секунд
Save system data: 0.0022 секунд
Predict system health (health check): 0.5838 секунд
Check thresholds: 0.0000 секунд
Check system health (monitoring): 4.2196 секунд
Get system data (health check): 2.7453 секунд
Save system data: 0.0016 секунд
Predict system health (health check): 0.5351 секунд
Check thresholds: 0.0000 секунд
Check system health (monitoring): 3.2878 секунд
Get system data (health check): 2.6850 секунд
Save system data: 0.0016 секунд
Predict system health (health check): 0.5451 секунд
Check thresholds: 0.0000 секунд
Check system health (monitoring): 3.2382 секунд
Get system data (health check): 2.6103 секунд
Save system data: 0.0016 секунд
Predict system health (health check): 0.5352 секунд
Check thresholds: 0.0000 секунд
Check system health (monitoring): 3.1532 секунд
Get system data (health check): 2.6103 секунд
Save system data: 0.0015 секунд
Predict system health (health check): 0.5404 секунд
Check thresholds: 0.0000 секунд
Check system health (monitoring): 3.1584 секунд
Get system data (health check): 2.6539 секунд
Save system data: 0.0020 секунд
Predict system health (health check): 0.5354 секунд
Check thresholds: 0.0000 секунд
Check system health (monitoring): 3.1982 секунд
Get system data (health check): 2.6637 секунд
Save system data: 0.0015 секунд
Predict system health (health check): 0.5330 секунд
Check thresholds: 0.0000 секунд
Check system health (monitoring): 3.2041 секунд
Get system data (health check): 2.5793 секунд
Save system data: 0.0019 секунд
Predict system health (health check): 0.5369 секунд
Check thresholds: 0.0000 секунд
Check system health (monitoring): 3.1247 секунд
Get system data (health check): 2.6411 секунд
Save system data: 0.0019 секунд
Predict system health (health check): 0.5370 секунд
Check thresholds: 0.0000 секунд
Check system health (monitoring): 3.1856 секунд
Get system data (health check): 2.7514 секунд
Save system data: 0.0015 секунд
Predict system health (health check): 0.5428 секунд
Check thresholds: 0.0000 секунд
Check system health (monitoring): 3.3025 секунд
Get system data (health check): 2.6055 секунд
Save system data: 0.0020 секунд
Predict system health (health check): 0.5370 секунд
Check thresholds: 0.0000 секунд
Check system health (monitoring): 3.1512 секунд
Get system data (health check): 2.5690 секунд
Save system data: 0.0016 секунд
Predict system health (health check): 0.5347 секунд
Check thresholds: 0.0000 секунд
Check system health (monitoring): 3.1104 секунд
Get system data (health check): 2.6469 секунд
Save system data: 0.0019 секунд
Predict system health (health check): 0.5397 секунд
Check thresholds: 0.0000 секунд
Check system health (monitoring): 3.1942 секунд
Get system data (health check): 3.0658 секунд
Save system data: 0.0014 секунд
Predict system health (health check): 0.5455 секунд
Check thresholds: 0.0000 секунд
Check system health (monitoring): 3.6194 секунд
Get system data (health check): 2.7290 секунд
Save system data: 0.0021 секунд
Predict system health (health check): 0.5337 секунд
Check thresholds: 0.0000 секунд
Check system health (monitoring): 3.2708 секунд
Get system data (health check): 2.7160 секунд
Save system data: 0.0015 секунд
Predict system health (health check): 0.5341 секунд
Check thresholds: 0.0002 секунд
Check system health (monitoring): 3.2694 секунд
Get system data (health check): 2.7013 секунд
Save system data: 0.0016 секунд
Predict system health (health check): 0.5471 секунд
Check thresholds: 0.0000 секунд
Check system health (monitoring): 3.2551 секунд
Get system data (health check): 2.5941 секунд
Save system data: 0.0018 секунд
Predict system health (health check): 0.5330 секунд
Check thresholds: 0.0000 секунд
Check system health (monitoring): 3.1346 секунд
Get system data (health check): 2.7573 секунд
Save system data: 0.0016 секунд
Predict system health (health check): 0.6243 секунд
Check thresholds: 0.0000 секунд
Check system health (monitoring): 3.6031 секунд
Get system data (health check): 2.9197 секунд
Save system data: 0.0023 секунд
Predict system health (health check): 0.5398 секунд
Check thresholds: 0.0000 секунд
Check system health (monitoring): 3.4679 секунд
Get system data (health check): 2.7962 секунд
Save system data: 0.0018 секунд
Predict system health (health check): 0.5355 секунд
Check thresholds: 0.0000 секунд
Check system health (monitoring): 3.3391 секунд
Get system data (health check): 2.5603 секунд
Save system data: 0.0016 секунд
Predict system health (health check): 0.5402 секунд
Check thresholds: 0.0000 секунд
Check system health (monitoring): 3.1082 секунд
Get system data (health check): 2.7589 секунд
Save system data: 0.0017 секунд
Predict system health (health check): 0.5353 секунд
Check thresholds: 0.0000 секунд
Check system health (monitoring): 3.3019 секунд
Get system data (health check): 2.6262 секунд
Save system data: 0.0017 секунд
Predict system health (health check): 0.5368 секунд
Check thresholds: 0.0000 секунд
Check system health (monitoring): 3.1714 секунд
Get system data (health check): 2.9608 секунд
Save system data: 0.0019 секунд
Predict system health (health check): 0.5372 секунд
Check thresholds: 0.0000 секунд
Check system health (monitoring): 3.5054 секунд
Get system data (health check): 2.5851 секунд
Save system data: 0.0025 секунд
Predict system health (health check): 0.5399 секунд
Check thresholds: 0.0000 секунд
Check system health (monitoring): 3.1335 секунд
Get system data (health check): 2.6241 секунд
Save system data: 0.0021 секунд
Predict system health (health check): 0.5358 секунд
Check thresholds: 0.0000 секунд
Check system health (monitoring): 3.1685 секунд
Get system data (health check): 2.7594 секунд
Save system data: 0.0020 секунд
Predict system health (health check): 0.5341 секунд
Check thresholds: 0.0000 секунд
Check system health (monitoring): 3.3009 секунд
Get system data (health check): 2.7240 секунд
Save system data: 0.0015 секунд
Predict system health (health check): 0.5373 секунд
Check thresholds: 0.0000 секунд
Check system health (monitoring): 3.2695 секунд
Get system data (health check): 2.6102 секунд
Save system data: 0.0020 секунд
Predict system health (health check): 0.5365 секунд
Check thresholds: 0.0000 секунд
Check system health (monitoring): 3.1543 секунд
Get system data (health check): 2.7018 секунд
Save system data: 0.0016 секунд
Predict system health (health check): 0.5369 секунд
Check thresholds: 0.0000 секунд
Check system health (monitoring): 3.2473 секунд
Get system data (health check): 2.5316 секунд
Save system data: 0.0027 секунд
Predict system health (health check): 0.5310 секунд
Check thresholds: 0.0000 секунд
Check system health (monitoring): 3.0714 секунд
Get system data (health check): 2.7709 секунд
Save system data: 0.0033 секунд
Predict system health (health check): 0.5365 секунд
Check thresholds: 0.0000 секунд
Check system health (monitoring): 3.3165 секунд
Get system data (health check): 2.6109 секунд
Save system data: 0.0014 секунд
Predict system health (health check): 0.5395 секунд
Check thresholds: 0.0000 секунд
Check system health (monitoring): 3.1604 секунд
Get system data (health check): 2.7789 секунд
Save system data: 0.0017 секунд
Predict system health (health check): 0.5342 секунд
Check thresholds: 0.0002 секунд
Check system health (monitoring): 3.3266 секунд
Get system data (health check): 2.6452 секунд
Save system data: 0.0019 секунд
Predict system health (health check): 0.5327 секунд
Check thresholds: 0.0000 секунд
Check system health (monitoring): 3.1872 секунд
Get system data (health check): 2.6296 секунд
Save system data: 0.0017 секунд
Predict system health (health check): 0.5365 секунд
Check thresholds: 0.0000 секунд
Check system health (monitoring): 3.1734 секунд
Get system data (health check): 2.5973 секунд
Save system data: 0.0020 секунд
Predict system health (health check): 0.5337 секунд
Check thresholds: 0.0000 секунд
Check system health (monitoring): 3.1388 секунд
Get system data (health check): 2.5731 секунд
Save system data: 0.0017 секунд
Predict system health (health check): 0.5338 секунд
Check thresholds: 0.0000 секунд
Check system health (monitoring): 3.1156 секунд
Get system data (health check): 2.7277 секунд
Save system data: 0.0018 секунд
Predict system health (health check): 0.5374 секунд
Check thresholds: 0.0000 секунд
Check system health (monitoring): 3.2728 секунд
Get system data (health check): 2.6207 секунд
Save system data: 0.0017 секунд
Predict system health (health check): 0.5352 секунд
Check thresholds: 0.0000 секунд
Check system health (monitoring): 3.1642 секунд
Get system data (health check): 2.5686 секунд
Save system data: 0.0015 секунд
Predict system health (health check): 0.5332 секунд
Check thresholds: 0.0000 секунд
Check system health (monitoring): 3.1098 секунд
Get system data (health check): 2.6086 секунд
Save system data: 0.0021 секунд
Predict system health (health check): 0.5343 секунд
Check thresholds: 0.0000 секунд
Check system health (monitoring): 3.1517 секунд
Get system data (health check): 2.7278 секунд
Save system data: 0.0015 секунд
Predict system health (health check): 0.5301 секунд
Check thresholds: 0.0000 секунд
Check system health (monitoring): 3.2655 секунд
Get system data (health check): 2.5580 секунд
Save system data: 0.0019 секунд
Predict system health (health check): 0.5347 секунд
Check thresholds: 0.0000 секунд
Check system health (monitoring): 3.1010 секунд
Get system data (health check): 2.6605 секунд
Save system data: 0.0015 секунд
Predict system health (health check): 0.5406 секунд
Check thresholds: 0.0000 секунд
Check system health (monitoring): 3.2090 секунд
Get system data (health check): 2.6796 секунд
Save system data: 0.0016 секунд
Predict system health (health check): 0.5362 секунд
Check thresholds: 0.0000 секунд
Check system health (monitoring): 3.2243 секунд
Get system data (health check): 2.5903 секунд
Save system data: 0.0016 секунд
Predict system health (health check): 0.5414 секунд
Check thresholds: 0.0000 секунд
Check system health (monitoring): 3.1390 секунд
Get system data (health check): 2.6516 секунд
Save system data: 0.0018 секунд
Predict system health (health check): 0.5395 секунд
Check thresholds: 0.0000 секунд
Check system health (monitoring): 3.2016 секунд
Get system data (health check): 2.6617 секунд
Save system data: 0.0019 секунд
Predict system health (health check): 0.5365 секунд
Check thresholds: 0.0000 секунд
Check system health (monitoring): 3.2062 секунд
Get system data (health check): 2.6799 секунд
Save system data: 0.0022 секунд
Predict system health (health check): 0.5353 секунд
Check thresholds: 0.0000 секунд
Check system health (monitoring): 3.2237 секунд
Get system data (health check): 2.6358 секунд
Save system data: 0.0018 секунд
Predict system health (health check): 0.5360 секунд
Check thresholds: 0.0000 секунд
Check system health (monitoring): 3.1794 секунд
Get system data (health check): 2.7027 секунд
Save system data: 0.0015 секунд
Predict system health (health check): 0.5385 секунд
Check thresholds: 0.0000 секунд
Check system health (monitoring): 3.2488 секунд
Get system data (health check): 2.5360 секунд
Save system data: 0.0020 секунд
Predict system health (health check): 0.5334 секунд
Check thresholds: 0.0000 секунд
Check system health (monitoring): 3.0769 секунд
Get system data (health check): 2.5393 секунд
Save system data: 0.0014 секунд
Predict system health (health check): 0.5373 секунд
Check thresholds: 0.0000 секунд
Check system health (monitoring): 3.0844 секунд
Get system data (health check): 2.5651 секунд
Save system data: 0.0014 секунд
Predict system health (health check): 0.5369 секунд
Check thresholds: 0.0000 секунд
Check system health (monitoring): 3.1090 секунд
Get system data (health check): 2.6702 секунд
Save system data: 0.0020 секунд
Predict system health (health check): 0.5372 секунд
Check thresholds: 0.0000 секунд
Check system health (monitoring): 3.2161 секунд
Get system data (health check): 2.5670 секунд
Save system data: 0.0016 секунд
Predict system health (health check): 0.5395 секунд
Check thresholds: 0.0000 секунд
Check system health (monitoring): 3.1150 секунд
Get system data (health check): 2.6869 секунд
Save system data: 0.0020 секунд
Predict system health (health check): 0.5358 секунд
Check thresholds: 0.0000 секунд
Check system health (monitoring): 3.2302 секунд
Get system data (health check): 2.5609 секунд
Save system data: 0.0022 секунд
Predict system health (health check): 0.5348 секунд
Check thresholds: 0.0000 секунд
Check system health (monitoring): 3.1042 секунд
Get system data (health check): 2.6398 секунд
Save system data: 0.0020 секунд
Predict system health (health check): 0.5360 секунд
Check thresholds: 0.0000 секунд
Check system health (monitoring): 3.1848 секунд
Get system data (health check): 2.6915 секунд
Save system data: 0.0020 секунд
Predict system health (health check): 0.5457 секунд
Check thresholds: 0.0000 секунд
Check system health (monitoring): 3.2460 секунд
Get system data (health check): 2.5905 секунд
Save system data: 0.0015 секунд
Predict system health (health check): 0.5368 секунд
Check thresholds: 0.0000 секунд
Check system health (monitoring): 3.1350 секунд
Get system data (health check): 2.6620 секунд
Save system data: 0.0022 секунд
Predict system health (health check): 0.5366 секунд
Check thresholds: 0.0000 секунд
Check system health (monitoring): 3.2065 секунд
Get system data (health check): 2.6492 секунд
Save system data: 0.0015 секунд
Predict system health (health check): 0.5368 секунд
Check thresholds: 0.0000 секунд
Check system health (monitoring): 3.1939 секунд
Get system data (health check): 2.7687 секунд
Save system data: 0.0014 секунд
Predict system health (health check): 0.5407 секунд
Check thresholds: 0.0000 секунд
Check system health (monitoring): 3.3161 секунд
Get system data (health check): 2.6383 секунд
Save system data: 0.0018 секунд
Predict system health (health check): 0.5356 секунд
Check thresholds: 0.0000 секунд
Check system health (monitoring): 3.1815 секунд
Get system data (health check): 2.5637 секунд
Save system data: 0.0018 секунд
Predict system health (health check): 0.5369 секунд
Check thresholds: 0.0000 секунд
Check system health (monitoring): 3.1085 секунд
Get system data (health check): 2.6852 секунд
Save system data: 0.0015 секунд
Predict system health (health check): 0.5374 секунд
Check thresholds: 0.0000 секунд
Check system health (monitoring): 3.2298 секунд
Get system data (health check): 2.5857 секунд
Save system data: 0.0014 секунд
Predict system health (health check): 0.5326 секунд
Check thresholds: 0.0000 секунд
Check system health (monitoring): 3.1252 секунд
Get system data (health check): 2.6645 секунд
Save system data: 0.0020 секунд
Predict system health (health check): 0.5344 секунд
Check thresholds: 0.0000 секунд
Check system health (monitoring): 3.2060 секунд
Get system data (health check): 2.5680 секунд
Save system data: 0.0016 секунд
Predict system health (health check): 0.5418 секунд
Check thresholds: 0.0000 секунд
Check system health (monitoring): 3.1169 секунд
Get system data (health check): 2.5564 секунд
Save system data: 0.0018 секунд
Predict system health (health check): 0.5369 секунд
Check thresholds: 0.0000 секунд
Check system health (monitoring): 3.1023 секунд
Get system data (health check): 2.5946 секунд
Save system data: 0.0015 секунд
Predict system health (health check): 0.5356 секунд
Check thresholds: 0.0000 секунд
Check system health (monitoring): 3.1376 секунд
Get system data (health check): 2.6185 секунд
Save system data: 0.0015 секунд
Predict system health (health check): 0.5330 секунд
Check thresholds: 0.0000 секунд
Check system health (monitoring): 3.1590 секунд
Get system data (health check): 2.5847 секунд
Save system data: 0.0016 секунд
Predict system health (health check): 0.5402 секунд
Check thresholds: 0.0000 секунд
Check system health (monitoring): 3.1331 секунд
Get system data (health check): 2.7161 секунд
Save system data: 0.0018 секунд
Predict system health (health check): 0.5333 секунд
Check thresholds: 0.0000 секунд
Check system health (monitoring): 3.2562 секунд
Get system data (health check): 2.5701 секунд
Save system data: 0.0018 секунд
Predict system health (health check): 0.5372 секунд
Check thresholds: 0.0000 секунд
Check system health (monitoring): 3.1151 секунд
Get system data (health check): 2.6275 секунд
Save system data: 0.0020 секунд
Predict system health (health check): 0.5416 секунд
Check thresholds: 0.0000 секунд
Check system health (monitoring): 3.1778 секунд
Get system data (health check): 2.5177 секунд
Save system data: 0.0017 секунд
Predict system health (health check): 0.5364 секунд
Check thresholds: 0.0000 секунд
Check system health (monitoring): 3.0616 секунд
Get system data (health check): 2.5057 секунд
Save system data: 0.0018 секунд
Predict system health (health check): 0.5380 секунд
Check thresholds: 0.0000 секунд
Check system health (monitoring): 3.0513 секунд
Get system data (health check): 2.6511 секунд
Save system data: 0.0016 секунд
Predict system health (health check): 0.5402 секунд
Check thresholds: 0.0000 секунд
Check system health (monitoring): 3.1993 секунд
Get system data (health check): 2.6822 секунд
Save system data: 0.0019 секунд
Predict system health (health check): 0.5369 секунд
Check thresholds: 0.0000 секунд
Check system health (monitoring): 3.2271 секунд
Get system data (health check): 2.6436 секунд
Save system data: 0.0019 секунд
Predict system health (health check): 0.5359 секунд
Check thresholds: 0.0000 секунд
Check system health (monitoring): 3.1876 секунд
Get system data (health check): 2.7205 секунд
Save system data: 0.0020 секунд
Predict system health (health check): 0.5377 секунд
Check thresholds: 0.0000 секунд
Check system health (monitoring): 3.2666 секунд
Get system data (health check): 2.6378 секунд
Save system data: 0.0026 секунд
Predict system health (health check): 0.5341 секунд
Check thresholds: 0.0000 секунд
Check system health (monitoring): 3.1805 секунд
Get system data (health check): 2.6366 секунд
Save system data: 0.0015 секунд
Predict system health (health check): 0.5339 секунд
Check thresholds: 0.0000 секунд
Check system health (monitoring): 3.1799 секунд
Get system data (health check): 2.5411 секунд
Save system data: 0.0018 секунд
Predict system health (health check): 0.5416 секунд
Check thresholds: 0.0000 секунд
Check system health (monitoring): 3.0903 секунд
GUI run: 5998.4129 секунд
App run: 5998.4144 секунд
Get system data (update data): 11.4737 секунд
Update main metrics: 0.0007 секунд
Predict system health (update data): 0.5430 секунд
Update health label: 0.0001 секунд
Update predictions text: 0.0021 секунд
Get user stats: 0.0000 секунд
Get user level: 0.0000 секунд
Update level label: 0.0003 секунд
TechCareApp init: 13.4757 секунд
Get system data (health check): 3.5222 секунд
Save system data: 0.0031 секунд
Predict system health (health check): 0.5343 секунд
Check thresholds: 0.0000 секунд
Check system health (monitoring): 4.0664 секунд
Get system data (startup diagnosis): 3.5027 секунд
Predict system health (startup diagnosis): 0.5471 секунд
Get system data (health check): 2.5666 секунд
Save system data: 0.0016 секунд
Predict system health (health check): 0.5344 секунд
Check thresholds: 0.0000 секунд
Check system health (monitoring): 3.1081 секунд
Get system data (health check): 2.8257 секунд
Save system data: 0.0015 секунд
Predict system health (health check): 0.5355 секунд
Check thresholds: 0.0000 секунд
Check system health (monitoring): 3.3680 секунд
Get system data (health check): 2.5922 секунд
Save system data: 0.0016 секунд
Predict system health (health check): 0.5355 секунд
Check thresholds: 0.0000 секунд
Check system health (monitoring): 3.1389 секунд
Get system data (health check): 2.5350 секунд
Save system data: 0.0015 секунд
Predict system health (health check): 0.5379 секунд
Check thresholds: 0.0000 секунд
Check system health (monitoring): 3.0807 секунд
Get system data (health check): 2.5275 секунд
Save system data: 0.0014 секунд
Predict system health (health check): 0.5325 секунд
Check thresholds: 0.0000 секунд
Check system health (monitoring): 3.0677 секунд
Get system data (health check): 3.4950 секунд
Save system data: 0.0021 секунд
Predict system health (health check): 0.5357 секунд
Check thresholds: 0.0000 секунд
Check system health (monitoring): 4.0392 секунд
Get system data (health check): 2.7042 секунд
Save system data: 0.0018 секунд
Predict system health (health check): 0.5334 секунд
Check thresholds: 0.0000 секунд
Check system health (monitoring): 3.2451 секунд
Get system data (health check): 2.5588 секунд
Save system data: 0.0015 секунд
Predict system health (health check): 0.5386 секунд
Check thresholds: 0.0000 секунд
Check system health (monitoring): 3.1042 секунд
Get system data (health check): 2.6999 секунд
Save system data: 0.0016 секунд
Predict system health (health check): 0.5448 секунд
Check thresholds: 0.0000 секунд
Check system health (monitoring): 3.2540 секунд
Get system data (health check): 2.8901 секунд
Save system data: 0.0018 секунд
Predict system health (health check): 0.5349 секунд
Check thresholds: 0.0000 секунд
Check system health (monitoring): 3.4327 секунд
Get system data (health check): 2.5599 секунд
Save system data: 0.0015 секунд
Predict system health (health check): 0.5380 секунд
Check thresholds: 0.0000 секунд
Check system health (monitoring): 3.1050 секунд
Get system data (health check): 2.6739 секунд
Save system data: 0.0016 секунд
Predict system health (health check): 0.5383 секунд
Check thresholds: 0.0000 секунд
Check system health (monitoring): 3.2192 секунд
Get system data (health check): 2.5643 секунд
Save system data: 0.0017 секунд
Predict system health (health check): 0.5341 секунд
Check thresholds: 0.0000 секунд
Check system health (monitoring): 3.1056 секунд
Get system data (health check): 2.7508 секунд
Save system data: 0.0017 секунд
Predict system health (health check): 0.5375 секунд
Check thresholds: 0.0000 секунд
Check system health (monitoring): 3.2962 секунд
Get system data (health check): 2.6772 секунд
Save system data: 0.0020 секунд
Predict system health (health check): 0.5367 секунд
Check thresholds: 0.0000 секунд
Check system health (monitoring): 3.2223 секунд
Get system data (health check): 2.5226 секунд
Save system data: 0.0020 секунд
Predict system health (health check): 0.5350 секунд
Check thresholds: 0.0000 секунд
Check system health (monitoring): 3.0648 секунд
Get system data (health check): 2.6132 секунд
Save system data: 0.0018 секунд
Predict system health (health check): 0.5343 секунд
Check thresholds: 0.0000 секунд
Check system health (monitoring): 3.1549 секунд
Get system data (health check): 2.6289 секунд
Save system data: 0.0019 секунд
Predict system health (health check): 0.5309 секунд
Check thresholds: 0.0000 секунд
Check system health (monitoring): 3.1680 секунд
Get system data (health check): 2.6314 секунд
Save system data: 0.0015 секунд
Predict system health (health check): 0.5352 секунд
Check thresholds: 0.0000 секунд
Check system health (monitoring): 3.1745 секунд
Get system data (health check): 2.4752 секунд
Save system data: 0.0022 секунд
Predict system health (health check): 0.5373 секунд
Check thresholds: 0.0000 секунд
Check system health (monitoring): 3.0216 секунд
Get system data (health check): 2.5650 секунд
Save system data: 0.0018 секунд
Predict system health (health check): 0.5395 секунд
Check thresholds: 0.0000 секунд
Check system health (monitoring): 3.1130 секунд
Get system data (health check): 2.6260 секунд
Save system data: 0.0022 секунд
Predict system health (health check): 0.5322 секунд
Check thresholds: 0.0000 секунд
Check system health (monitoring): 3.1671 секунд
Get system data (health check): 2.5151 секунд
Save system data: 0.0026 секунд
Predict system health (health check): 0.5329 секунд
Check thresholds: 0.0000 секунд
Check system health (monitoring): 3.0584 секунд
Get system data (health check): 2.5696 секунд
Save system data: 0.0016 секунд
Predict system health (health check): 0.5333 секунд
Check thresholds: 0.0000 секунд
Check system health (monitoring): 3.1119 секунд
Get system data (health check): 2.5726 секунд
Save system data: 0.0018 секунд
Predict system health (health check): 0.5329 секунд
Check thresholds: 0.0000 секунд
Check system health (monitoring): 3.1149 секунд
Get system data (health check): 2.6396 секунд
Save system data: 0.0020 секунд
Predict system health (health check): 0.5364 секунд
Check thresholds: 0.0000 секунд
Check system health (monitoring): 3.1868 секунд
Get system data (health check): 2.5908 секунд
Save system data: 0.0014 секунд
Predict system health (health check): 0.5386 секунд
Check thresholds: 0.0000 секунд
Check system health (monitoring): 3.1379 секунд
Get system data (health check): 2.5051 секунд
Save system data: 0.0016 секунд
Predict system health (health check): 0.5344 секунд
Check thresholds: 0.0000 секунд
Check system health (monitoring): 3.0494 секунд
Get system data (health check): 2.5434 секунд
Save system data: 0.0020 секунд
Predict system health (health check): 0.5330 секунд
Check thresholds: 0.0000 секунд
Check system health (monitoring): 3.0850 секунд
Get system data (health check): 2.5302 секунд
Save system data: 0.0016 секунд
Predict system health (health check): 0.5330 секунд
Check thresholds: 0.0000 секунд
Check system health (monitoring): 3.0720 секунд
Get system data (health check): 2.5391 секунд
Save system data: 0.0016 секунд
Predict system health (health check): 0.5377 секунд
Check thresholds: 0.0000 секунд
Check system health (monitoring): 3.0858 секунд
Get system data (health check): 2.6471 секунд
Save system data: 0.0024 секунд
Predict system health (health check): 0.5355 секунд
Check thresholds: 0.0000 секунд
Check system health (monitoring): 3.1927 секунд
Get system data (health check): 2.5623 секунд
Save system data: 0.0017 секунд
Predict system health (health check): 0.5359 секунд
Check thresholds: 0.0000 секунд
Check system health (monitoring): 3.1068 секунд
Get system data (health check): 2.4873 секунд
Save system data: 0.0015 секунд
Predict system health (health check): 0.5377 секунд
Check thresholds: 0.0000 секунд
Check system health (monitoring): 3.0352 секунд
Get system data (health check): 2.6493 секунд
Save system data: 0.0021 секунд
Predict system health (health check): 0.5331 секунд
Check thresholds: 0.0000 секунд
Check system health (monitoring): 3.1929 секунд
Get system data (health check): 2.6614 секунд
Save system data: 0.0014 секунд
Predict system health (health check): 0.5342 секунд
Check thresholds: 0.0000 секунд
Check system health (monitoring): 3.2054 секунд
Get system data (update data): 2.5250 секунд
Update main metrics: 0.0006 секунд
Predict system health (update data): 0.5385 секунд
Update health label: 0.0001 секунд
Update predictions text: 0.0001 секунд
Get user stats: 0.0000 секунд
Get user level: 0.0000 секунд
Update level label: 0.0001 секунд
Get system data (health check): 2.7488 секунд
Save system data: 0.0020 секунд
Predict system health (health check): 0.5405 секунд
Check thresholds: 0.0000 секунд
Check system health (monitoring): 3.2969 секунд
Get system data (health check): 2.6492 секунд
Save system data: 0.0018 секунд
Predict system health (health check): 0.5351 секунд
Check thresholds: 0.0000 секунд
Check system health (monitoring): 3.1916 секунд
Get system data (health check): 2.6014 секунд
Save system data: 0.0051 секунд
Predict system health (health check): 0.5395 секунд
Check thresholds: 0.0000 секунд
Check system health (monitoring): 3.1505 секунд
Get system data (health check): 2.9374 секунд
Save system data: 0.0014 секунд
Predict system health (health check): 0.5400 секунд
Check thresholds: 0.0000 секунд
Check system health (monitoring): 3.4842 секунд
Get system data (health check): 2.5067 секунд
Save system data: 0.0023 секунд
Predict system health (health check): 0.5379 секунд
Check thresholds: 0.0000 секунд
Check system health (monitoring): 3.0538 секунд
Get system data (health check): 2.7282 секунд
Save system data: 0.0017 секунд
Predict system health (health check): 0.5353 секунд
Check thresholds: 0.0000 секунд
Check system health (monitoring): 3.2718 секунд
Get system data (health check): 2.6232 секунд
Save system data: 0.0019 секунд
Predict system health (health check): 0.5400 секунд
Check thresholds: 0.0000 секунд
Check system health (monitoring): 3.1712 секунд
Get system data (health check): 2.7965 секунд
Save system data: 0.0015 секунд
Predict system health (health check): 0.5403 секунд
Check thresholds: 0.0000 секунд
Check system health (monitoring): 3.3444 секунд
Get system data (health check): 2.6573 секунд
Save system data: 0.0017 секунд
Predict system health (health check): 0.5349 секунд
Check thresholds: 0.0000 секунд
Check system health (monitoring): 3.2002 секунд
Get system data (health check): 2.6456 секунд
Save system data: 0.0016 секунд
Predict system health (health check): 0.5308 секунд
Check thresholds: 0.0000 секунд
Check system health (monitoring): 3.1827 секунд
Get system data (health check): 2.5970 секунд
Save system data: 0.0018 секунд
Predict system health (health check): 0.5343 секунд
Check thresholds: 0.0000 секунд
Check system health (monitoring): 3.1380 секунд
Get system data (health check): 2.6327 секунд
Save system data: 0.0019 секунд
Predict system health (health check): 0.5366 секунд
Check thresholds: 0.0000 секунд
Check system health (monitoring): 3.1767 секунд
Get system data (health check): 2.5612 секунд
Save system data: 0.0015 секунд
Predict system health (health check): 0.5367 секунд
Check thresholds: 0.0000 секунд
Check system health (monitoring): 3.1063 секунд
Get system data (health check): 2.6382 секунд
Save system data: 0.0016 секунд
Predict system health (health check): 0.5337 секунд
Check thresholds: 0.0000 секунд
Check system health (monitoring): 3.1796 секунд
Get system data (health check): 2.5576 секунд
Save system data: 0.0021 секунд
Predict system health (health check): 0.5444 секунд
Check thresholds: 0.0000 секунд
Check system health (monitoring): 3.1097 секунд
Get system data (health check): 2.4806 секунд
Save system data: 0.0015 секунд
Predict system health (health check): 0.5334 секунд
Check thresholds: 0.0000 секунд
Check system health (monitoring): 3.0221 секунд
Get system data (health check): 2.5164 секунд
Save system data: 0.0023 секунд
Predict system health (health check): 0.5339 секунд
Check thresholds: 0.0000 секунд
Check system health (monitoring): 3.0584 секунд
Get system data (health check): 2.5545 секунд
Save system data: 0.0017 секунд
Predict system health (health check): 0.5360 секунд
Check thresholds: 0.0000 секунд
Check system health (monitoring): 3.0969 секунд
Get system data (health check): 2.6195 секунд
Save system data: 0.0021 секунд
Predict system health (health check): 0.5364 секунд
Check thresholds: 0.0000 секунд
Check system health (monitoring): 3.1666 секунд
Get system data (health check): 2.5704 секунд
Save system data: 0.0019 секунд
Predict system health (health check): 0.5374 секунд
Check thresholds: 0.0000 секунд
Check system health (monitoring): 3.1163 секунд
Get system data (health check): 2.5238 секунд
Save system data: 0.0017 секунд
Predict system health (health check): 0.5327 секунд
Check thresholds: 0.0000 секунд
Check system health (monitoring): 3.0638 секунд
Get system data (health check): 2.5090 секунд
Save system data: 0.0024 секунд
Predict system health (health check): 0.5376 секунд
Check thresholds: 0.0000 секунд
Check system health (monitoring): 3.0555 секунд
Get system data (health check): 2.6157 секунд
Save system data: 0.0015 секунд
Predict system health (health check): 0.5317 секунд
Check thresholds: 0.0000 секунд
Check system health (monitoring): 3.1560 секунд
Get system data (health check): 2.8054 секунд
Save system data: 0.0016 секунд
Predict system health (health check): 0.5331 секунд
Check thresholds: 0.0000 секунд
Check system health (monitoring): 3.3467 секунд
Get system data (health check): 2.5958 секунд
Save system data: 0.0027 секунд
Predict system health (health check): 0.5349 секунд
Check thresholds: 0.0000 секунд
Check system health (monitoring): 3.1401 секунд
Get system data (health check): 2.5715 секунд
Save system data: 0.0022 секунд
Predict system health (health check): 0.5329 секунд
Check thresholds: 0.0000 секунд
Check system health (monitoring): 3.1122 секунд
Get system data (health check): 2.6365 секунд
Save system data: 0.0018 секунд
Predict system health (health check): 0.5361 секунд
Check thresholds: 0.0000 секунд
Check system health (monitoring): 3.1799 секунд
Get system data (update data): 11.6583 секунд
Update main metrics: 0.0011 секунд
Predict system health (update data): 0.5450 секунд
TechCareApp init: 12.6194 секунд
Get system data (health check): 3.6103 секунд
Save system data: 0.0032 секунд
Predict system health (health check): 0.5407 секунд
Check thresholds: 0.0024 секунд
Check system health (monitoring): 4.1640 секунд
Get system data (startup diagnosis): 3.5791 секунд
Predict system health (startup diagnosis): 0.5421 секунд
Get system data (health check): 2.6831 секунд
Save system data: 0.0021 секунд
Predict system health (health check): 0.5437 секунд
Check thresholds: 0.0000 секунд
Check system health (monitoring): 5.3070 секунд
GUI run: 44.5958 секунд
App run: 44.6011 секунд
Get system data (update data): 11.2767 секунд
Update main metrics: 0.0005 секунд
Predict system health (update data): 0.5382 секунд
TechCareApp init: 12.2118 секунд
Get system data (health check): 3.6338 секунд
Save system data: 0.0016 секунд
Predict system health (health check): 0.5351 секунд
Check thresholds: 0.0000 секунд
Check system health (monitoring): 4.1774 секунд
Get system data (startup diagnosis): 3.5452 секунд
Predict system health (startup diagnosis): 0.5382 секунд
Get system data (health check): 2.5615 секунд
Save system data: 0.0019 секунд
Predict system health (health check): 0.5347 секунд
Check thresholds: 0.0000 секунд
Check system health (monitoring): 3.1042 секунд
GUI run: 45.9375 секунд
App run: 45.9388 секунд
Get system data (update data): 11.2892 секунд
Update main metrics: 0.0006 секунд
Predict system health (update data): 0.5361 секунд
Update health label: 0.0001 секунд
Update predictions text: 0.0000 секунд
Get user stats: 0.0000 секунд
Get user level: 0.0000 секунд
TechCareApp init: 12.2350 секунд
Get system data (health check): 3.6155 секунд
Save system data: 0.0018 секунд
Predict system health (health check): 0.5356 секунд
Check thresholds: 0.0002 секунд
Check system health (monitoring): 4.1601 секунд
Get system data (startup diagnosis): 3.5460 секунд
Predict system health (startup diagnosis): 0.5355 секунд
GUI run: 70.9352 секунд
App run: 70.9364 секунд
Get system data (update data): 11.7297 секунд
Update main metrics: 0.0005 секунд
Predict system health (update data): 0.5400 секунд
Update health label: 0.0001 секунд
Update predictions text: 0.0010 секунд
Get user stats: 0.0000 секунд
Get user level: 0.0000 секунд
Update level label: 0.0003 секунд
TechCareApp init: 13.0779 секунд
Get system data (health check): 3.5249 секунд
Save system data: 0.0021 секунд
Predict system health (health check): 0.5372 секунд
Check thresholds: 0.0000 секунд
Check system health (monitoring): 4.0714 секунд
Get system data (startup diagnosis): 3.5491 секунд
Predict system health (startup diagnosis): 0.5375 секунд
GUI run: 18.2761 секунд
App run: 18.2774 секунд
Get system data (update data): 12.3259 секунд
Update main metrics: 0.0009 секунд
Predict system health (update data): 0.5381 секунд
Update health label: 0.0001 секунд
Update predictions text: 0.0000 секунд
Get user stats: 0.0000 секунд
Get user level: 0.0000 секунд
Update level label: 0.0003 секунд
TechCareApp init: 13.5888 секунд
Get system data (health check): 3.5989 секунд
Save system data: 0.0019 секунд
Predict system health (health check): 0.5416 секунд
Check thresholds: 0.0000 секунд
Check system health (monitoring): 4.1498 секунд
Get system data (startup diagnosis): 3.5238 секунд
Predict system health (startup diagnosis): 0.5374 секунд
Get system data (health check): 2.5162 секунд
Save system data: 0.0015 секунд
Predict system health (health check): 0.5402 секунд
Check thresholds: 0.0000 секунд
Check system health (monitoring): 3.0633 секунд
Get system data (update data): 10.9901 секунд
Update main metrics: 0.0007 секунд
Predict system health (update data): 0.5379 секунд
Update health label: 0.0001 секунд
Update predictions text: 0.0000 секунд
Get user stats: 0.0000 секунд
Get user level: 0.0000 секунд
Update level label: 0.0005 секунд
TechCareApp init: 12.0695 секунд
Get system data (health check): 3.5560 секунд
Save system data: 0.0017 секунд
Predict system health (health check): 0.5398 секунд
Check thresholds: 0.0000 секунд
Check system health (monitoring): 4.1045 секунд
Get system data (startup diagnosis): 3.5474 секунд
Predict system health (startup diagnosis): 0.5363 секунд
Get system data (health check): 2.7046 секунд
Save system data: 0.0016 секунд
Predict system health (health check): 0.5377 секунд
Check thresholds: 0.0000 секунд
Check system health (monitoring): 3.2501 секунд
Get system data (health check): 3.8156 секунд
Save system data: 0.0019 секунд
Get system data (update data): 4.0217 секунд
Update main metrics: 0.0005 секунд
Predict system health (health check): 0.5338 секунд
Check thresholds: 0.0000 секунд
Predict system health (update data): 0.5375 секунд
Update health label: 0.0001 секунд
Update predictions text: 0.0000 секунд
Get user stats: 0.0000 секунд
Get user level: 0.0000 секунд
Update level label: 0.0001 секунд
Check system health (monitoring): 4.4879 секунд
Get system data (update data): 2.6420 секунд
Update main metrics: 0.0007 секунд
Predict system health (update data): 0.5353 секунд
Update health label: 0.0002 секунд
Update predictions text: 0.0000 секунд
Get user stats: 0.0000 секунд
Get user level: 0.0000 секунд
Update level label: 0.0001 секунд
Get system data (health check): 2.4869 секунд
Save system data: 0.0018 секунд
Predict system health (health check): 0.5364 секунд
Check thresholds: 0.0000 секунд
Check system health (monitoring): 3.0316 секунд
Get system data (health check): 2.5644 секунд
Save system data: 0.0019 секунд
Predict system health (health check): 0.5358 секунд
Check thresholds: 0.0000 секунд
Check system health (monitoring): 3.1078 секунд
Get system data (update data): 11.3905 секунд
Update main metrics: 0.0089 секунд
Predict system health (update data): 0.5388 секунд
Update health label: 0.0002 секунд
Update predictions text: 0.0000 секунд
Get user stats: 0.0000 секунд
Get user level: 0.0000 секунд
Update level label: 0.0005 секунд
TechCareApp init: 12.6423 секунд
Get system data (health check): 3.5799 секунд
Save system data: 0.0019 секунд
Predict system health (health check): 0.5390 секунд
Check thresholds: 0.0000 секунд
Check system health (monitoring): 4.1296 секунд
Get system data (startup diagnosis): 3.6330 секунд
Predict system health (startup diagnosis): 0.5386 секунд
Get system data (health check): 2.5880 секунд
Save system data: 0.0016 секунд
Predict system health (health check): 0.5367 секунд
Check thresholds: 0.0000 секунд
Check system health (monitoring): 3.1322 секунд
Get system data (health check): 2.6545 секунд
Save system data: 0.0017 секунд
Predict system health (health check): 0.5341 секунд
Check thresholds: 0.0000 секунд
Check system health (monitoring): 3.1960 секунд
Get system data (update data): 2.6113 секунд
Update main metrics: 0.0072 секунд
Predict system health (update data): 0.5371 секунд
Update health label: 0.0002 секунд
Update predictions text: 0.0000 секунд
Get user stats: 0.0000 секунд
Get user level: 0.0000 секунд
Update level label: 0.0001 секунд
Get system data (health check): 2.8135 секунд
Save system data: 0.0019 секунд
Predict system health (health check): 0.5420 секунд
Check thresholds: 0.0000 секунд
Check system health (monitoring): 3.3637 секунд
Get system data (health check): 2.6404 секунд
Save system data: 0.0017 секунд
Predict system health (health check): 0.5430 секунд
Check thresholds: 0.0000 секунд
Check system health (monitoring): 3.1912 секунд
Get system data (health check): 2.6999 секунд
Save system data: 0.0014 секунд
Predict system health (health check): 0.5354 секунд
Check thresholds: 0.0000 секунд
Check system health (monitoring): 3.2430 секунд
Get system data (health check): 2.8894 секунд
Save system data: 0.0017 секунд
Predict system health (health check): 0.5365 секунд
Check thresholds: 0.0000 секунд
Check system health (monitoring): 3.4354 секунд
Get system data (update data): 11.1847 секунд
Update main metrics: 0.0076 секунд
Predict system health (update data): 0.5377 секунд
Update health label: 0.0001 секунд
Update predictions text: 0.0000 секунд
Get user stats: 0.0000 секунд
Get user level: 0.0000 секунд
Update level label: 0.0003 секунд
TechCareApp init: 12.4211 секунд
Get system data (health check): 3.8672 секунд
Save system data: 0.0027 секунд
Predict system health (health check): 0.5432 секунд
Check thresholds: 0.0000 секунд
Check system health (monitoring): 4.4203 секунд
Get system data (startup diagnosis): 3.7001 секунд
Predict system health (startup diagnosis): 0.5347 секунд
Get system data (health check): 2.6028 секунд
Save system data: 0.0018 секунд
Predict system health (health check): 0.5405 секунд
Check thresholds: 0.0000 секунд
Check system health (monitoring): 3.1508 секунд
Get system data (update data): 2.5557 секунд
Update main metrics: 0.0081 секунд
Predict system health (update data): 0.5402 секунд
Update health label: 0.0002 секунд
Update predictions text: 0.0000 секунд
Get user stats: 0.0000 секунд
Get user level: 0.0000 секунд
Update level label: 0.0002 секунд
Get system data (health check): 2.5613 секунд
Save system data: 0.0017 секунд
Predict system health (health check): 0.5343 секунд
Check thresholds: 0.0000 секунд
Check system health (monitoring): 3.1040 секунд
Get system data (update data): 2.6795 секунд
Update main metrics: 0.0064 секунд
Predict system health (update data): 0.5361 секунд
Update health label: 0.0005 секунд
Update predictions text: 0.0000 секунд
Get user stats: 0.0000 секунд
Get user level: 0.0000 секунд
Update level label: 0.0011 секунд
Get system data (update data): 11.3475 секунд
Update main metrics: 0.0035 секунд
Predict system health (update data): 0.5377 секунд
Update health label: 0.0002 секунд
Update predictions text: 0.0000 секунд
Get user stats: 0.0000 секунд
Get user level: 0.0000 секунд
Update level label: 0.0004 секунд
TechCareApp init: 12.6426 секунд
Get system data (health check): 3.5558 секунд
Save system data: 0.0017 секунд
Predict system health (health check): 0.5362 секунд
Check thresholds: 0.0000 секунд
Check system health (monitoring): 4.1273 секунд
Get system data (startup diagnosis): 3.6771 секунд
Predict system health (startup diagnosis): 0.5364 секунд
Get system data (update data): 2.6407 секунд
Update main metrics: 0.0096 секунд
Predict system health (update data): 0.5385 секунд
Update health label: 0.0002 секунд
Update predictions text: 0.0000 секунд
Get user stats: 0.0000 секунд
Get user level: 0.0000 секунд
Update level label: 0.0003 секунд
Get system data (update data): 11.2752 секунд
Update main metrics: 0.0008 секунд
Predict system health (update data): 0.5413 секунд
Update health label: 0.0001 секунд
Update predictions text: 0.0000 секунд
Get user stats: 0.0000 секунд
Get user level: 0.0000 секунд
Update level label: 0.0003 секунд
TechCareApp init: 12.4022 секунд
Get system data (health check): 3.6640 секунд
Save system data: 0.0021 секунд
Predict system health (health check): 0.5454 секунд
Check thresholds: 0.0000 секунд
Check system health (monitoring): 4.2198 секунд
Get system data (startup diagnosis): 3.6541 секунд
Predict system health (startup diagnosis): 0.5338 секунд
Get system data (update data): 2.5495 секунд
Update main metrics: 0.0005 секунд
Predict system health (update data): 0.5384 секунд
Update health label: 0.0001 секунд
Update predictions text: 0.0000 секунд
Get user stats: 0.0000 секунд
Get user level: 0.0000 секунд
Update level label: 0.0001 секунд
Get system data (health check): 2.6430 секунд
Save system data: 0.0017 секунд
Predict system health (health check): 0.5357 секунд
Check thresholds: 0.0000 секунд
Check system health (monitoring): 3.1857 секунд
GUI run: 43.4344 секунд
App run: 43.4359 секунд
Get system data (update data): 16.6301 секунд
Update main metrics: 0.0012 секунд
Predict system health (update data): 0.5369 секунд
Update health label: 0.0002 секунд
Update predictions text: 0.0000 секунд
Get user stats: 0.0000 секунд
Get user level: 0.0000 секунд
Update level label: 0.0005 секунд
TechCareApp init: 18.7256 секунд
Get system data (health check): 3.5108 секунд
Save system data: 0.0017 секунд
Predict system health (health check): 0.5390 секунд
Check thresholds: 0.0000 секунд
Check system health (monitoring): 4.0578 секунд
Get system data (startup diagnosis): 3.4549 секунд
Predict system health (startup diagnosis): 0.5379 секунд
Get system data (update data): 2.5908 секунд
Update main metrics: 0.0012 секунд
Predict system health (update data): 0.5357 секунд
Update health label: 0.0002 секунд
Update predictions text: 0.0000 секунд
Get user stats: 0.0000 секунд
Get user level: 0.0000 секунд
Update level label: 0.0001 секунд
Get system data (health check): 2.6801 секунд
Save system data: 0.0015 секунд
Predict system health (health check): 0.5383 секунд
Check thresholds: 0.0000 секунд
Check system health (monitoring): 3.2251 секунд
Get system data (health check): 2.6315 секунд
Save system data: 0.0017 секунд
Predict system health (health check): 0.5352 секунд
Check thresholds: 0.0000 секунд
Check system health (monitoring): 3.1739 секунд
Get system data (update data): 2.6136 секунд
Update main metrics: 0.0005 секунд
Predict system health (update data): 0.5359 секунд
Update health label: 0.0001 секунд
Update predictions text: 0.0000 секунд
Get user stats: 0.0000 секунд
Get user level: 0.0000 секунд
Update level label: 0.0001 секунд
Get system data (health check): 2.9255 секунд
Save system data: 0.0017 секунд
Predict system health (health check): 0.5363 секунд
Check thresholds: 0.0000 секунд
Check system health (monitoring): 3.4687 секунд
GUI run: 109.3094 секунд
App run: 109.3104 секунд
Get system data (update data): 11.0975 секунд
Update main metrics: 0.0005 секунд
Predict system health (update data): 0.5431 секунд
Update health label: 0.0001 секунд
Update predictions text: 0.0000 секунд
Get user stats: 0.0000 секунд
Get user level: 0.0000 секунд
Update level label: 0.0003 секунд
TechCareApp init: 12.9560 секунд
Get system data (health check): 3.5490 секунд
Save system data: 0.0017 секунд
Predict system health (health check): 0.5412 секунд
Check thresholds: 0.0000 секунд
Check system health (monitoring): 4.1007 секунд
Get system data (startup diagnosis): 3.5597 секунд
Predict system health (startup diagnosis): 0.5341 секунд
GUI run: 21.6139 секунд
App run: 21.6153 секунд
Get system data (update data): 11.0240 секунд
Update main metrics: 0.0006 секунд
Predict system health (update data): 0.5364 секунд
Update health label: 0.0001 секунд
Update predictions text: 0.0000 секунд
Get user stats: 0.0000 секунд
Get user level: 0.0000 секунд
Update level label: 0.0003 секунд
TechCareApp init: 15.4945 секунд
Get system data (health check): 4.0219 секунд
Save system data: 0.0018 секунд
Predict system health (health check): 0.5468 секунд
Check thresholds: 0.0000 секунд
Get system data (startup diagnosis): 4.5259 секунд
Predict system health (startup diagnosis): 0.5388 секунд
Check system health (monitoring): 6.7672 секунд
Get system data (health check): 3.4689 секунд
Save system data: 0.0019 секунд
Predict system health (health check): 0.5356 секунд
Check thresholds: 0.0000 секунд
Check system health (monitoring): 4.0118 секунд
GUI run: 49.8536 секунд
App run: 49.8550 секунд
Get system data (update data): 10.7398 секунд
Update main metrics: 0.0006 секунд
Predict system health (update data): 0.5387 секунд
Update health label: 0.0002 секунд
Update predictions text: 0.0000 секунд
Get user stats: 0.0000 секунд
Get user level: 0.0000 секунд
Update level label: 0.0002 секунд
TechCareApp init: 12.5415 секунд
Get system data (health check): 3.4255 секунд
Save system data: 0.0017 секунд
Predict system health (health check): 0.5368 секунд
Check thresholds: 0.0000 секунд
Check system health (monitoring): 3.9713 секунд
Get system data (startup diagnosis): 3.4426 секунд
Predict system health (startup diagnosis): 0.5344 секунд
Get system data (update data): 2.6032 секунд
Update main metrics: 0.0009 секунд
Predict system health (update data): 0.5348 секунд
Update health label: 0.0002 секунд
Update predictions text: 0.0000 секунд
Get user stats: 0.0000 секунд
Get user level: 0.0000 секунд
Update level label: 0.0001 секунд
Get system data (health check): 2.6076 секунд
Save system data: 0.0021 секунд
Predict system health (health check): 0.5390 секунд
Check thresholds: 0.0000 секунд
Check system health (monitoring): 3.1544 секунд
GUI run: 45.1442 секунд
App run: 45.1454 секунд
Get system data (update data): 2.8046 секунд
Update main metrics: 0.0004 секунд
Predict system health (update data): 0.5403 секунд
Update health label: 0.0003 секунд
Update predictions text: 0.0000 секунд
Get user stats: 0.0000 секунд
Get user level: 0.0000 секунд
Update level label: 0.0002 секунд
TechCareApp init: 15.1318 секунд
Get system data (health check): 3.9942 секунд
Save system data: 0.0017 секунд
Predict system health (health check): 0.5369 секунд
Check thresholds: 0.0000 секунд
Check system health (monitoring): 4.6321 секунд
Get system data (startup diagnosis): 3.0769 секунд
Predict system health (startup diagnosis): 0.5406 секунд
Get system data (health check): 3.6952 секунд
Save system data: 0.0018 секунд
Predict system health (health check): 0.5389 секунд
Check thresholds: 0.0000 секунд
Check system health (monitoring): 4.3500 секунд
GUI run: 60.3077 секунд
App run: 60.3098 секунд
Get system data (update data): 2.6478 секунд
Update main metrics: 0.0006 секунд
Predict system health (update data): 0.5386 секунд
Update health label: 0.0002 секунд
Update predictions text: 0.0000 секунд
Get user stats: 0.0000 секунд
Get user level: 0.0000 секунд
Update level label: 0.0002 секунд
TechCareApp init: 14.8785 секунд
Get system data (health check): 5.1629 секунд
Save system data: 0.0024 секунд
Predict system health (health check): 0.5335 секунд
Check thresholds: 0.0000 секунд
Check system health (monitoring): 5.7069 секунд
Get system data (startup diagnosis): 4.1831 секунд
Predict system health (startup diagnosis): 0.5382 секунд
Get system data (update data): 13.1788 секунд
Update main metrics: 0.0004 секунд
Predict system health (update data): 0.5374 секунд
Update health label: 0.0005 секунд
Update predictions text: 0.0000 секунд
Get user stats: 0.0000 секунд
Get user level: 0.0000 секунд
Update level label: 0.0003 секунд
TechCareApp init: 14.9060 секунд
Get system data (health check): 3.6955 секунд
Save system data: 0.0018 секунд
Predict system health (health check): 0.5432 секунд
Check thresholds: 0.0000 секунд
Check system health (monitoring): 4.2476 секунд
Get system data (startup diagnosis): 4.2749 секунд
Predict system health (startup diagnosis): 0.5366 секунд
Get system data (update data): 3.7028 секунд
Update main metrics: 0.0007 секунд
Predict system health (update data): 0.5508 секунд
Update health label: 0.0001 секунд
Update predictions text: 0.0000 секунд
Get user stats: 0.0000 секунд
Get user level: 0.0000 секунд
Update level label: 0.0001 секунд
Get system data (health check): 5.7685 секунд
Save system data: 0.0018 секунд
Predict system health (health check): 0.5350 секунд
Check thresholds: 0.0000 секунд
Check system health (monitoring): 6.3118 секунд
Get system data (health check): 4.7771 секунд
Save system data: 0.0016 секунд
Predict system health (health check): 0.5347 секунд
Check thresholds: 0.0000 секунд
Check system health (monitoring): 5.3202 секунд
Get system data (health check): 4.9691 секунд
Save system data: 0.0018 секунд
Predict system health (health check): 0.5362 секунд
Check thresholds: 0.0000 секунд
Check system health (monitoring): 10.0324 секунд
Get system data (update data): 12.2064 секунд
Update main metrics: 0.0004 секунд
Predict system health (update data): 0.5413 секунд
Update health label: 0.0002 секунд
Update predictions text: 0.0000 секунд
Get user stats: 0.0000 секунд
Get user level: 0.0000 секунд
Update level label: 0.0003 секунд
TechCareApp init: 13.9947 секунд
Get system data (health check): 3.7516 секунд
Save system data: 0.0017 секунд
Predict system health (health check): 0.5355 секунд
Check thresholds: 0.0000 секунд
Check system health (monitoring): 4.2950 секунд
Get system data (startup diagnosis): 4.3256 секунд
Predict system health (startup diagnosis): 0.5425 секунд
Get system data (health check): 5.1984 секунд
Save system data: 0.0014 секунд
Predict system health (health check): 0.5381 секунд
Check thresholds: 0.0000 секунд
Check system health (monitoring): 5.7444 секунд
GUI run: 48.5062 секунд
App run: 48.5077 секунд
Get system data (update data): 12.2708 секунд
Update main metrics: 0.0004 секунд
Predict system health (update data): 0.5378 секунд
Update health label: 0.0001 секунд
Update predictions text: 0.0000 секунд
Get user stats: 0.0000 секунд
Get user level: 0.0000 секунд
Update level label: 0.0005 секунд
TechCareApp init: 14.2648 секунд
Get system data (health check): 5.5364 секунд
Save system data: 0.0016 секунд
Predict system health (health check): 0.5372 секунд
Check thresholds: 0.0000 секунд
Check system health (monitoring): 6.0816 секунд
Get system data (startup diagnosis): 5.6093 секунд
Predict system health (startup diagnosis): 0.5342 секунд
GUI run: 17.4067 секунд
App run: 17.4080 секунд
Get system data (update data): 11.8949 секунд
Update main metrics: 0.0003 секунд
Predict system health (update data): 0.5414 секунд
Update health label: 0.0001 секунд
Update predictions text: 0.0000 секунд
Get user stats: 0.0000 секунд
Get user level: 0.0000 секунд
Update level label: 0.0003 секунд
TechCareApp init: 13.5892 секунд
Get system data (health check): 6.2362 секунд
Save system data: 0.0018 секунд
Predict system health (health check): 0.5354 секунд
Check thresholds: 0.0000 секунд
Check system health (monitoring): 6.7810 секунд
Get system data (startup diagnosis): 6.0952 секунд
Predict system health (startup diagnosis): 0.5373 секунд
Get system data (health check): 4.6154 секунд
Save system data: 0.0015 секунд
Predict system health (health check): 0.5390 секунд
Check thresholds: 0.0000 секунд
Check system health (monitoring): 5.7006 секунд
Get system data (update data): 4.7986 секунд
Update main metrics: 0.0005 секунд
Predict system health (update data): 0.5392 секунд
Update health label: 0.0001 секунд
Update predictions text: 0.0001 секунд
Get user stats: 0.0000 секунд
Get user level: 0.0000 секунд
Update level label: 0.0001 секунд
Get system data (health check): 4.5453 секунд
Save system data: 0.0016 секунд
Predict system health (health check): 0.5364 секунд
Check thresholds: 0.0000 секунд
Check system health (monitoring): 10.0611 секунд
Get system data (update data): 11.8458 секунд
Update main metrics: 0.0007 секунд
Predict system health (update data): 0.5485 секунд
Update health label: 0.0002 секунд
Update predictions text: 0.0000 секунд
Get user stats: 0.0000 секунд
Get user level: 0.0000 секунд
Update level label: 0.0002 секунд
TechCareApp init: 13.5581 секунд
Get system data (health check): 6.2928 секунд
Save system data: 0.0017 секунд
Predict system health (health check): 0.5381 секунд
Check thresholds: 0.0000 секунд
Check system health (monitoring): 6.8404 секунд
Get system data (startup diagnosis): 6.1946 секунд
Predict system health (startup diagnosis): 0.5368 секунд
Get system data (health check): 5.0409 секунд
Save system data: 0.0016 секунд
Predict system health (health check): 0.5403 секунд
Check thresholds: 0.0000 секунд
Check system health (monitoring): 5.5887 секунд
Get system data (health check): 5.0386 секунд
Save system data: 0.0016 секунд
Predict system health (health check): 0.5357 секунд
Check thresholds: 0.0000 секунд
Check system health (monitoring): 5.5854 секунд
Get system data (health check): 4.5950 секунд
Save system data: 0.0017 секунд
Predict system health (health check): 0.5420 секунд
Check thresholds: 0.0000 секунд
Check system health (monitoring): 5.1457 секунд
Get system data (health check): 4.3504 секунд
Save system data: 0.0016 секунд
Predict system health (health check): 0.5367 секунд
Check thresholds: 0.0000 секунд
Check system health (monitoring): 4.8990 секунд
Get system data (health check): 4.4422 секунд
Save system data: 0.0013 секунд
Predict system health (health check): 0.5427 секунд
Check thresholds: 0.0000 секунд
Check system health (monitoring): 4.9924 секунд
Get system data (health check): 4.9198 секунд
Save system data: 0.0016 секунд
Predict system health (health check): 0.5322 секунд
Check thresholds: 0.0000 секунд
Check system health (monitoring): 5.4609 секунд
Get system data (update data): 11.7805 секунд
Update main metrics: 0.0003 секунд
Predict system health (update data): 0.5387 секунд
Update health label: 0.0001 секунд
Update predictions text: 0.0000 секунд
Get user stats: 0.0000 секунд
Get user level: 0.0000 секунд
Update level label: 0.0002 секунд
TechCareApp init: 13.6183 секунд
Get system data (health check): 6.1570 секунд
Save system data: 0.0012 секунд
Predict system health (health check): 0.5353 секунд
Check thresholds: 0.0000 секунд
Check system health (monitoring): 6.6998 секунд
Get system data (startup diagnosis): 5.9782 секунд
Predict system health (startup diagnosis): 0.5340 секунд
Get system data (health check): 5.2791 секунд
Save system data: 0.0015 секунд
Predict system health (health check): 0.5339 секунд
Check thresholds: 0.0000 секунд
Check system health (monitoring): 5.8214 секунд
Get system data (health check): 5.1136 секунд
Save system data: 0.0012 секунд
Predict system health (health check): 0.5365 секунд
Check thresholds: 0.0000 секунд
Check system health (monitoring): 6.2662 секунд
Get system data (health check): 4.9066 секунд
Save system data: 0.0012 секунд
Predict system health (health check): 0.5341 секунд
Check thresholds: 0.0000 секунд
Check system health (monitoring): 5.4484 секунд
Get system data (health check): 5.1609 секунд
Save system data: 0.0014 секунд
Predict system health (health check): 0.5383 секунд
Check thresholds: 0.0000 секунд
Get system data (update data): 4.6992 секунд
Update main metrics: 0.0004 секунд
Predict system health (update data): 0.5396 секунд
Update health label: 0.0003 секунд
Update predictions text: 0.0000 секунд
Get user stats: 0.0000 секунд
Get user level: 0.0000 секунд
Update level label: 0.0003 секунд
Check system health (monitoring): 9.9815 секунд
Get system data (health check): 5.0620 секунд
Save system data: 0.0014 секунд
Predict system health (health check): 0.5371 секунд
Check thresholds: 0.0000 секунд
Check system health (monitoring): 5.6063 секунд
Get system data (health check): 4.6836 секунд
Save system data: 0.0021 секунд
Predict system health (health check): 0.5368 секунд
Check thresholds: 0.0000 секунд
Check system health (monitoring): 5.2303 секунд
Get system data (health check): 4.8093 секунд
Save system data: 0.0015 секунд
Predict system health (health check): 0.5399 секунд
Check thresholds: 0.0000 секунд
Check system health (monitoring): 5.3590 секунд
Get system data (health check): 4.4273 секунд
Save system data: 0.0016 секунд
Predict system health (health check): 0.5428 секунд
Check thresholds: 0.0000 секунд
Check system health (monitoring): 4.9780 секунд
Get system data (health check): 4.5143 секунд
Save system data: 0.0016 секунд
Predict system health (health check): 0.5370 секунд
Check thresholds: 0.0000 секунд
Check system health (monitoring): 5.0598 секунд
Get system data (health check): 4.2528 секунд
Save system data: 0.0014 секунд
Predict system health (health check): 0.5374 секунд
Check thresholds: 0.0000 секунд
Check system health (monitoring): 4.8343 секунд
Get system data (health check): 4.1686 секунд
Save system data: 0.0016 секунд
Predict system health (health check): 0.5355 секунд
Check thresholds: 0.0000 секунд
Check system health (monitoring): 4.7125 секунд
Get system data (health check): 4.2557 секунд
Save system data: 0.0015 секунд
Predict system health (health check): 0.5445 секунд
Check thresholds: 0.0000 секунд
Check system health (monitoring): 4.8098 секунд
Get system data (health check): 4.3709 секунд
Save system data: 0.0018 секунд
Predict system health (health check): 0.5378 секунд
Check thresholds: 0.0000 секунд
Check system health (monitoring): 4.9177 секунд
Get system data (health check): 4.6638 секунд
Save system data: 0.0016 секунд
Predict system health (health check): 0.5367 секунд
Check thresholds: 0.0000 секунд
Check system health (monitoring): 5.2083 секунд
Get system data (health check): 4.8402 секунд
Save system data: 0.0014 секунд
Predict system health (health check): 0.5381 секунд
Check thresholds: 0.0000 секунд
Check system health (monitoring): 5.3879 секунд
GUI run: 548.8822 секунд
App run: 548.8902 секунд
Get system data (update data): 11.6691 секунд
Update main metrics: 0.0003 секунд
Predict system health (update data): 0.5382 секунд
Update health label: 0.0001 секунд
Update predictions text: 0.0000 секунд
Get user stats: 0.0000 секунд
Get user level: 0.0000 секунд
Update level label: 0.0005 секунд
TechCareApp init: 13.4106 секунд
Get system data (health check): 6.0357 секунд
Save system data: 0.0013 секунд
Predict system health (health check): 0.5541 секунд
Check thresholds: 0.0000 секунд
Check system health (monitoring): 6.5981 секунд
Get system data (startup diagnosis): 5.9447 секунд
Predict system health (startup diagnosis): 0.5410 секунд
GUI run: 30.5300 секунд
App run: 30.5371 секунд
Get system data (update data): 11.5702 секунд
Update main metrics: 0.0004 секунд
Predict system health (update data): 0.5357 секунд
Update health label: 0.0001 секунд
Update predictions text: 0.0000 секунд
Get user stats: 0.0000 секунд
Get user level: 0.0000 секунд
Update level label: 0.0006 секунд
TechCareApp init: 13.3779 секунд
Get system data (health check): 5.9297 секунд
Save system data: 0.0014 секунд
Predict system health (health check): 0.5339 секунд
Check thresholds: 0.0000 секунд
Check system health (monitoring): 6.4732 секунд
Get system data (startup diagnosis): 5.7691 секунд
Predict system health (startup diagnosis): 0.5315 секунд
Get system data (health check): 4.9217 секунд
Save system data: 0.0014 секунд
Predict system health (health check): 0.5348 секунд
Check thresholds: 0.0000 секунд
Check system health (monitoring): 5.8290 секунд
Get system data (health check): 4.7168 секунд
Save system data: 0.0014 секунд
Predict system health (health check): 0.5362 секунд
Check thresholds: 0.0000 секунд
Check system health (monitoring): 5.2602 секунд
Get system data (health check): 4.5529 секунд
Save system data: 0.0015 секунд
Predict system health (health check): 0.5342 секунд
Check thresholds: 0.0000 секунд
Check system health (monitoring): 5.0952 секунд
Get system data (health check): 4.7309 секунд
Save system data: 0.0015 секунд
Predict system health (health check): 0.5490 секунд
Check thresholds: 0.0000 секунд
Check system health (monitoring): 5.2880 секунд
Get system data (health check): 4.4124 секунд
Save system data: 0.0016 секунд
Predict system health (health check): 0.5422 секунд
Check thresholds: 0.0000 секунд
Check system health (monitoring): 5.0388 секунд
Get system data (health check): 4.4281 секунд
Save system data: 0.0012 секунд
Predict system health (health check): 0.5401 секунд
Check thresholds: 0.0000 секунд
Check system health (monitoring): 4.9755 секунд
GUI run: 242.0161 секунд
App run: 242.0198 секунд
Get system data (update data): 16.9556 секунд
Update main metrics: 0.0007 секунд
Predict system health (update data): 0.5357 секунд
Update health label: 0.0002 секунд
Update predictions text: 0.0000 секунд
Get user stats: 0.0000 секунд
Get user level: 0.0000 секунд
Update level label: 0.0003 секунд
TechCareApp init: 18.7421 секунд
Get system data (health check): 6.1780 секунд
Save system data: 0.0017 секунд
Predict system health (health check): 0.5374 секунд
Check thresholds: 0.0000 секунд
Check system health (monitoring): 6.7301 секунд
Get system data (startup diagnosis): 6.0472 секунд
Predict system health (startup diagnosis): 0.5356 секунд
GUI run: 36.7945 секунд
App run: 36.7991 секунд
Get system data (update data): 11.8062 секунд
Update main metrics: 0.0004 секунд
Predict system health (update data): 0.5348 секунд
Update health label: 0.0002 секунд
Update predictions text: 0.0000 секунд
Get user stats: 0.0000 секунд
Get user level: 0.0000 секунд
Update level label: 0.0004 секунд
TechCareApp init: 13.5692 секунд
Get system data (health check): 6.0914 секунд
Save system data: 0.0016 секунд
Predict system health (health check): 0.5397 секунд
Check thresholds: 0.0000 секунд
Check system health (monitoring): 6.6407 секунд
Get system data (startup diagnosis): 5.8092 секунд
Predict system health (startup diagnosis): 0.5373 секунд
Get system data (health check): 5.4554 секунд
Save system data: 0.0014 секунд
Predict system health (health check): 0.5380 секунд
Check thresholds: 0.0000 секунд
Check system health (monitoring): 6.0002 секунд
Get system data (health check): 5.3149 секунд
Save system data: 0.0017 секунд
Predict system health (health check): 0.5369 секунд
Check thresholds: 0.0000 секунд
Check system health (monitoring): 6.1995 секунд
Get system data (health check): 4.9854 секунд
Save system data: 0.0018 секунд
Predict system health (health check): 0.5389 секунд
Check thresholds: 0.0000 секунд
Check system health (monitoring): 5.5326 секунд
Get system data (health check): 5.2571 секунд
Save system data: 0.0014 секунд
Predict system health (health check): 0.5413 секунд
Check thresholds: 0.0000 секунд
Check system health (monitoring): 5.8141 секунд
Get system data (health check): 4.7512 секунд
Save system data: 0.0015 секунд
Predict system health (health check): 0.5356 секунд
Check thresholds: 0.0000 секунд
Check system health (monitoring): 5.5702 секунд
Get system data (health check): 4.4241 секунд
Save system data: 0.0015 секунд
Predict system health (health check): 0.5396 секунд
Check thresholds: 0.0000 секунд
Check system health (monitoring): 5.0276 секунд
Get system data (health check): 4.3026 секунд
Save system data: 0.0015 секунд
Predict system health (health check): 0.5450 секунд
Check thresholds: 0.0000 секунд
Check system health (monitoring): 5.3483 секунд
Get system data (health check): 4.3374 секунд
Save system data: 0.0021 секунд
Predict system health (health check): 0.5364 секунд
Check thresholds: 0.0000 секунд
Check system health (monitoring): 4.8836 секунд
Get system data (health check): 4.8843 секунд
Save system data: 0.0013 секунд
Predict system health (health check): 0.5357 секунд
Check thresholds: 0.0000 секунд
Check system health (monitoring): 5.4832 секунд
Get system data (health check): 4.7943 секунд
Save system data: 0.0015 секунд
Predict system health (health check): 0.5392 секунд
Check thresholds: 0.0000 секунд
GUI run: 362.8077 секунд
App run: 362.8158 секунд
Get system data (update data): 11.9543 секунд
Update main metrics: 0.0004 секунд
Predict system health (update data): 0.5360 секунд
Update health label: 0.0001 секунд
Update predictions text: 0.0000 секунд
Get user stats: 0.0000 секунд
Get user level: 0.0000 секунд
Update level label: 0.0002 секунд
TechCareApp init: 13.6976 секунд
Get system data (health check): 6.1447 секунд
Save system data: 0.0020 секунд
Predict system health (health check): 0.5632 секунд
Check thresholds: 0.0000 секунд
Check system health (monitoring): 6.7188 секунд
Get system data (startup diagnosis): 6.0519 секунд
Predict system health (startup diagnosis): 0.5397 секунд
Get system data (health check): 5.2783 секунд
Save system data: 0.0015 секунд
Predict system health (health check): 0.5343 секунд
Check thresholds: 0.0000 секунд
Check system health (monitoring): 5.8196 секунд
Get system data (health check): 5.2911 секунд
Save system data: 0.0016 секунд
Predict system health (health check): 0.5419 секунд
Check thresholds: 0.0000 секунд
Check system health (monitoring): 6.2663 секунд
Get system data (health check): 5.0237 секунд
Save system data: 0.0017 секунд
Predict system health (health check): 0.5379 секунд
Check thresholds: 0.0000 секунд
Check system health (monitoring): 5.5697 секунд
Get system data (health check): 4.6799 секунд
Save system data: 0.0016 секунд
Predict system health (health check): 0.5351 секунд
Check thresholds: 0.0000 секунд
Check system health (monitoring): 5.2247 секунд
Get system data (health check): 4.7486 секунд
Save system data: 0.0015 секунд
Predict system health (health check): 0.5385 секунд
Check thresholds: 0.0000 секунд
Check system health (monitoring): 5.2947 секунд
Get system data (health check): 4.7090 секунд
Save system data: 0.0016 секунд
Predict system health (health check): 0.5369 секунд
Check thresholds: 0.0000 секунд
Check system health (monitoring): 5.2536 секунд
Get system data (health check): 4.3559 секунд
Save system data: 0.0015 секунд
Predict system health (health check): 0.5381 секунд
Check thresholds: 0.0000 секунд
Check system health (monitoring): 4.9024 секунд
Get system data (health check): 4.4808 секунд
Save system data: 0.0019 секунд
Predict system health (health check): 0.5467 секунд
Check thresholds: 0.0000 секунд
Check system health (monitoring): 5.0367 секунд
Get system data (health check): 4.5740 секунд
Save system data: 0.0015 секунд
Predict system health (health check): 0.5421 секунд
Check thresholds: 0.0000 секунд
Check system health (monitoring): 5.1287 секунд
Get system data (health check): 4.7951 секунд
Save system data: 0.0013 секунд
Predict system health (health check): 0.5364 секунд
Check thresholds: 0.0000 секунд
Check system health (monitoring): 5.3388 секунд
GUI run: 368.5983 секунд
App run: 368.6025 секунд
Get system data (update data): 11.8981 секунд
Update main metrics: 0.0006 секунд
Predict system health (update data): 0.5399 секунд
Update health label: 0.0001 секунд
Update predictions text: 0.0000 секунд
Get user stats: 0.0000 секунд
Get user level: 0.0000 секунд
Update level label: 0.0003 секунд
TechCareApp init: 13.8105 секунд
Get system data (health check): 6.0847 секунд
Save system data: 0.0016 секунд
Predict system health (health check): 0.5368 секунд
Check thresholds: 0.0000 секунд
Check system health (monitoring): 6.6309 секунд
Get system data (startup diagnosis): 5.9843 секунд
Predict system health (startup diagnosis): 0.5336 секунд
GUI run: 30.1482 секунд
App run: 30.1555 секунд
Get system data (update data): 12.3597 секунд
Update main metrics: 0.0006 секунд
Predict system health (update data): 0.5360 секунд
Update health label: 0.0001 секунд
Update predictions text: 0.0000 секунд
Get user stats: 0.0000 секунд
Get user level: 0.0000 секунд
Update level label: 0.0003 секунд
TechCareApp init: 14.3104 секунд
Get system data (health check): 6.2299 секунд
Save system data: 0.0014 секунд
Predict system health (health check): 0.5365 секунд
Check thresholds: 0.0000 секунд
Check system health (monitoring): 6.7737 секунд
Get system data (startup diagnosis): 5.8698 секунд
Predict system health (startup diagnosis): 0.5416 секунд
Get system data (health check): 5.3391 секунд
Save system data: 0.0017 секунд
Predict system health (health check): 0.5392 секунд
Check thresholds: 0.0000 секунд
Check system health (monitoring): 6.2310 секунд
GUI run: 59.8702 секунд
App run: 59.8745 секунд
Get system data (update data): 12.2310 секунд
Update main metrics: 0.0007 секунд
Predict system health (update data): 0.5352 секунд
Update health label: 0.0002 секунд
Update predictions text: 0.0000 секунд
Get user stats: 0.0000 секунд
Get user level: 0.0000 секунд
Update level label: 0.0002 секунд
TechCareApp init: 13.5245 секунд
Get system data (health check): 6.4161 секунд
Save system data: 0.0014 секунд
Predict system health (health check): 0.5349 секунд
Check thresholds: 0.0000 секунд
Check system health (monitoring): 6.9618 секунд
Get system data (startup diagnosis): 6.1306 секунд
Predict system health (startup diagnosis): 0.5366 секунд
Get system data (health check): 5.1819 секунд
Save system data: 0.0014 секунд
Predict system health (health check): 0.5373 секунд
Check thresholds: 0.0000 секунд
GUI run: 44.7892 секунд
App run: 44.7940 секунд
Get system data (update data): 12.6165 секунд
Update main metrics: 0.0007 секунд
Predict system health (update data): 0.5437 секунд
Update health label: 0.0001 секунд
Update predictions text: 0.0000 секунд
Get user stats: 0.0000 секунд
Get user level: 0.0000 секунд
Update level label: 0.0003 секунд
TechCareApp init: 14.0137 секунд
Get system data (health check): 7.4581 секунд
Save system data: 0.0018 секунд
Get system data (startup diagnosis): 7.0625 секунд
Predict system health (health check): 0.5365 секунд
Check thresholds: 0.0000 секунд
Check system health (monitoring): 8.0026 секунд
Predict system health (startup diagnosis): 0.5362 секунд
Get system data (health check): 4.5502 секунд
Save system data: 0.0019 секунд
Predict system health (health check): 0.5434 секунд
Check thresholds: 0.0000 секунд
Check system health (monitoring): 5.1028 секунд
Get system data (health check): 5.4351 секунд
Save system data: 0.0022 секунд
Predict system health (health check): 0.5391 секунд
Check thresholds: 0.0000 секунд
Check system health (monitoring): 5.9852 секунд
Get system data (health check): 4.7931 секунд
Save system data: 0.0016 секунд
Predict system health (health check): 0.5453 секунд
Check thresholds: 0.0000 секунд
Check system health (monitoring): 5.3465 секунд
GUI run: 126.6531 секунд
App run: 126.6578 секунд
Get system data (update data): 11.9469 секунд
Update main metrics: 0.0005 секунд
Predict system health (update data): 0.5360 секунд
Update health label: 0.0001 секунд
Update predictions text: 0.0000 секунд
Get user stats: 0.0000 секунд
Get user level: 0.0000 секунд
Update level label: 0.0003 секунд
TechCareApp init: 14.6066 секунд
Get system data (health check): 5.9869 секунд
Save system data: 0.0013 секунд
Predict system health (health check): 0.5345 секунд
Check thresholds: 0.0000 секунд
Check system health (monitoring): 6.5969 секунд
Get system data (startup diagnosis): 5.6821 секунд
Predict system health (startup diagnosis): 0.5415 секунд
Get system data (health check): 3.5717 секунд
Save system data: 0.0016 секунд
Predict system health (health check): 0.5341 секунд
Check thresholds: 0.0000 секунд
Check system health (monitoring): 4.1133 секунд
Get system data (health check): 3.5893 секунд
Save system data: 0.0020 секунд
Predict system health (health check): 0.5376 секунд
Check thresholds: 0.0000 секунд
Check system health (monitoring): 4.1345 секунд
Get system data (health check): 3.7100 секунд
Save system data: 0.0018 секунд
Predict system health (health check): 0.5415 секунд
Check thresholds: 0.0000 секунд
Check system health (monitoring): 4.2596 секунд
Get system data (health check): 4.8037 секунд
Save system data: 0.0015 секунд
Predict system health (health check): 0.5460 секунд
Check thresholds: 0.0000 секунд
Check system health (monitoring): 5.3567 секунд
GUI run: 174.4882 секунд
App run: 174.4930 секунд
