Get system data (update data): 5.3134 секунд
Update main metrics: 0.0020 секунд
Predict system health (update data): 0.0000 секунд
Update health label: 0.0002 секунд
Update predictions text: 0.0001 секунд
Get user stats: 0.0000 секунд
Get user level: 0.0000 секунд
Update level label: 0.0005 секунд
TechCareApp init: 12.3287 секунд
Get system data (health check): 5.8422 секунд
Save system data: 0.0008 секунд
Predict system health (health check): 0.0000 секунд
Check thresholds: 0.0000 секунд
Check system health (monitoring): 5.8452 секунд
Get system data (startup diagnosis): 5.9977 секунд
Predict system health (startup diagnosis): 0.0000 секунд
GUI run: 25.8423 секунд
App run: 25.8435 секунд
Get system data (update data): 4.8740 секунд
Update main metrics: 0.0009 секунд
Predict system health (update data): 0.0000 секунд
Update health label: 0.0002 секунд
Update predictions text: 0.0001 секунд
Get user stats: 0.0000 секунд
Get user level: 0.0000 секунд
Update level label: 0.0003 секунд
TechCareApp init: 11.6704 секунд
Get system data (health check): 6.0581 секунд
Save system data: 0.0006 секунд
Predict system health (health check): 0.0000 секунд
Check thresholds: 0.0000 секунд
Check system health (monitoring): 6.0636 секунд
Get system data (startup diagnosis): 6.3849 секунд
Predict system health (startup diagnosis): 0.0000 секунд
GUI run: 22.6300 секунд
App run: 22.6317 секунд
