Get system data (update data): 4.4917 секунд
Update main metrics: 0.0009 секунд
Predict system health (update data): 0.0000 секунд
Update health label: 0.0001 секунд
Update predictions text: 0.0001 секунд
Get user stats: 0.0000 секунд
Get user level: 0.0000 секунд
Update level label: 0.0001 секунд
TechCareApp init: 11.1553 секунд
Get system data (startup diagnosis): 4.6952 секунд
Predict system health (startup diagnosis): 0.0000 секунд
Get system data (update data): 4.7274 секунд
Update main metrics: 0.0011 секунд
Predict system health (update data): 0.0000 секунд
Update health label: 0.0001 секунд
Update predictions text: 0.0001 секунд
Get user stats: 0.0000 секунд
Get user level: 0.0000 секунд
Update level label: 0.0001 секунд
TechCareApp init: 11.3595 секунд
Get system data (startup diagnosis): 4.6292 секунд
Predict system health (startup diagnosis): 0.0000 секунд
Get system data (update data): 4.5939 секунд
Update main metrics: 0.0011 секунд
Predict system health (update data): 0.0000 секунд
Update health label: 0.0001 секунд
Update predictions text: 0.0001 секунд
Get user stats: 0.0000 секунд
Get user level: 0.0000 секунд
Update level label: 0.0001 секунд
TechCareApp init: 7.7572 секунд
Get system data (startup diagnosis): 4.7673 секунд
Predict system health (startup diagnosis): 0.0000 секунд
Get system data (update data): 4.6494 секунд
Update main metrics: 0.0006 секунд
Predict system health (update data): 0.0000 секунд
Update health label: 0.0004 секунд
Update predictions text: 0.0001 секунд
Get user stats: 0.0000 секунд
Get user level: 0.0000 секунд
Update level label: 0.0001 секунд
TechCareApp init: 7.8154 секунд
Get system data (health check): 5.8577 секунд
Save system data: 0.0007 секунд
Predict system health (health check): 0.0000 секунд
Check thresholds: 0.0000 секунд
Check system health (monitoring): 5.8608 секунд
Get system data (startup diagnosis): 6.0050 секунд
Predict system health (startup diagnosis): 0.0000 секунд
GUI run: 33.4726 секунд
App run: 33.4734 секунд
Get system data (update data): 4.6577 секунд
Update main metrics: 0.0013 секунд
Predict system health (update data): 0.0000 секунд
Update health label: 0.0001 секунд
Update predictions text: 0.0001 секунд
Get user stats: 0.0000 секунд
Get user level: 0.0000 секунд
Update level label: 0.0001 секунд
TechCareApp init: 7.8160 секунд
Get system data (health check): 5.8914 секунд
Save system data: 0.0008 секунд
Predict system health (health check): 0.0000 секунд
Check thresholds: 0.0000 секунд
Check system health (monitoring): 5.8942 секунд
Get system data (startup diagnosis): 5.9970 секунд
Predict system health (startup diagnosis): 0.0000 секунд
GUI run: 7.9791 секунд
App run: 7.9801 секунд
Get system data (update data): 4.6055 секунд
Update main metrics: 0.0011 секунд
Predict system health (update data): 0.0000 секунд
Update health label: 0.0001 секунд
Update predictions text: 0.0001 секунд
Get user stats: 0.0000 секунд
Get user level: 0.0000 секунд
Update level label: 0.0001 секунд
TechCareApp init: 7.8997 секунд
Get system data (health check): 5.8435 секунд
Save system data: 0.0009 секунд
Predict system health (health check): 0.0000 секунд
Check thresholds: 0.0000 секунд
Check system health (monitoring): 5.8468 секунд
Get system data (startup diagnosis): 5.8979 секунд
Predict system health (startup diagnosis): 0.0000 секунд
Get system data (health check): 4.3972 секунд
Save system data: 0.0005 секунд
Predict system health (health check): 0.0000 секунд
Check thresholds: 0.0000 секунд
Check system health (monitoring): 4.3994 секунд
Get system data (health check): 4.3978 секунд
Save system data: 0.0007 секунд
Predict system health (health check): 0.0000 секунд
Check thresholds: 0.0000 секунд
Check system health (monitoring): 4.4009 секунд
Get system data (health check): 4.5479 секунд
Save system data: 0.0005 секунд
Predict system health (health check): 0.0000 секунд
Check thresholds: 0.0000 секунд
Check system health (monitoring): 4.5537 секунд
Get system data (health check): 4.3530 секунд
Save system data: 0.0005 секунд
Predict system health (health check): 0.0000 секунд
Check thresholds: 0.0000 секунд
Check system health (monitoring): 4.3591 секунд
Get system data (health check): 4.3661 секунд
Save system data: 0.0006 секунд
Predict system health (health check): 0.0001 секунд
Check thresholds: 0.0000 секунд
Check system health (monitoring): 4.3720 секунд
Get system data (health check): 4.4901 секунд
Save system data: 0.0006 секунд
Predict system health (health check): 0.0000 секунд
Check thresholds: 0.0000 секунд
Check system health (monitoring): 4.4947 секунд
Get system data (health check): 4.5301 секунд
Save system data: 0.0006 секунд
Predict system health (health check): 0.0000 секунд
Check thresholds: 0.0000 секунд
Check system health (monitoring): 4.5346 секунд
Get system data (health check): 4.5293 секунд
Save system data: 0.0008 секунд
Predict system health (health check): 0.0000 секунд
Check thresholds: 0.0000 секунд
Check system health (monitoring): 4.5338 секунд
Get system data (health check): 4.5436 секунд
Save system data: 0.0006 секунд
Predict system health (health check): 0.0000 секунд
Check thresholds: 0.0000 секунд
Check system health (monitoring): 4.5471 секунд
Get system data (health check): 4.4794 секунд
Save system data: 0.0007 секунд
Predict system health (health check): 0.0000 секунд
Check thresholds: 0.0000 секунд
Check system health (monitoring): 4.4844 секунд
Get system data (update data): 4.7500 секунд
Update main metrics: 0.0006 секунд
Predict system health (update data): 0.0000 секунд
Update health label: 0.0001 секунд
Update predictions text: 0.0001 секунд
Get user stats: 0.0000 секунд
Get user level: 0.0000 секунд
Update level label: 0.0001 секунд
Get system data (health check): 5.9026 секунд
Save system data: 0.0006 секунд
Predict system health (health check): 0.0000 секунд
Check thresholds: 0.0000 секунд
Check system health (monitoring): 5.9055 секунд
Get system data (startup diagnosis): 5.8500 секунд
Predict system health (startup diagnosis): 0.0000 секунд
GUI run: 14.3619 секунд
Get system data (update data): 4.5722 секунд
Update main metrics: 0.0009 секунд
Predict system health (update data): 0.0000 секунд
Update health label: 0.0002 секунд
Update predictions text: 0.0001 секунд
Get user stats: 0.0000 секунд
Get user level: 0.0000 секунд
Update level label: 0.0002 секунд
GUI run: 3.0652 секунд
Get system data (update data): 4.7819 секунд
Update main metrics: 0.0007 секунд
Predict system health (update data): 0.0000 секунд
Update health label: 0.0001 секунд
Update predictions text: 0.0001 секунд
Get user stats: 0.0000 секунд
Get user level: 0.0000 секунд
Update level label: 0.0003 секунд
Get system data (health check): 5.9684 секунд
Save system data: 0.0009 секунд
Predict system health (health check): 0.0000 секунд
Check thresholds: 0.0000 секунд
Check system health (monitoring): 5.9721 секунд
Get system data (startup diagnosis): 5.9154 секунд
Predict system health (startup diagnosis): 0.0000 секунд
GUI run: 10.6818 секунд
Get system data (update data): 4.6892 секунд
Update main metrics: 0.0012 секунд
Predict system health (update data): 0.0000 секунд
Update health label: 0.0001 секунд
Update predictions text: 0.0001 секунд
Get user stats: 0.0000 секунд
Get user level: 0.0000 секунд
Update level label: 0.0003 секунд
TechCareApp init: 7.8262 секунд
Get system data (health check): 5.9013 секунд
Save system data: 0.0009 секунд
Predict system health (health check): 0.0000 секунд
Check thresholds: 0.0000 секунд
Check system health (monitoring): 5.9046 секунд
Get system data (startup diagnosis): 6.1023 секунд
Predict system health (startup diagnosis): 0.0000 секунд
Get system data (health check): 4.7372 секунд
Save system data: 0.0007 секунд
Predict system health (health check): 0.0000 секунд
Check thresholds: 0.0000 секунд
Check system health (monitoring): 4.7401 секунд
GUI run: 65.2833 секунд
App run: 65.2851 секунд
Get system data (update data): 4.8479 секунд
Update main metrics: 0.0013 секунд
Predict system health (update data): 0.0000 секунд
Update health label: 0.0001 секунд
Update predictions text: 0.0001 секунд
Get user stats: 0.0000 секунд
Get user level: 0.0000 секунд
Update level label: 0.0002 секунд
TechCareApp init: 5.5301 секунд
Get system data (health check): 5.8852 секунд
Save system data: 0.0008 секунд
Predict system health (health check): 0.0000 секунд
Check thresholds: 0.0000 секунд
Check system health (monitoring): 5.8887 секунд
Get system data (startup diagnosis): 6.0768 секунд
Predict system health (startup diagnosis): 0.0000 секунд
GUI run: 13.8959 секунд
App run: 13.8971 секунд
Get system data (update data): 4.7533 секунд
Update main metrics: 0.0014 секунд
Predict system health (update data): 0.0000 секунд
Update health label: 0.0001 секунд
Update predictions text: 0.0001 секунд
Get user stats: 0.0000 секунд
Get user level: 0.0000 секунд
Update level label: 0.0002 секунд
TechCareApp init: 5.4620 секунд
Get system data (health check): 6.0456 секунд
Save system data: 0.0011 секунд
Predict system health (health check): 0.0000 секунд
Check thresholds: 0.0000 секунд
Check system health (monitoring): 6.0490 секунд
Get system data (startup diagnosis): 6.1454 секунд
Predict system health (startup diagnosis): 0.0000 секунд
GUI run: 22.6034 секунд
App run: 22.6046 секунд
Get system data (update data): 4.7377 секунд
Update main metrics: 0.0012 секунд
Predict system health (update data): 0.0000 секунд
Update health label: 0.0003 секунд
Update predictions text: 0.0001 секунд
Get user stats: 0.0000 секунд
Get user level: 0.0000 секунд
Update level label: 0.0001 секунд
TechCareApp init: 5.4223 секунд
Get system data (health check): 6.0489 секунд
Save system data: 0.0010 секунд
Predict system health (health check): 0.0000 секунд
Check thresholds: 0.0000 секунд
Check system health (monitoring): 6.0526 секунд
Get system data (startup diagnosis): 6.2142 секунд
Predict system health (startup diagnosis): 0.0000 секунд
GUI run: 8.5147 секунд
App run: 8.5157 секунд
Get system data (update data): 4.6325 секунд
Update main metrics: 0.0010 секунд
Predict system health (update data): 0.0000 секунд
Update health label: 0.0001 секунд
Update predictions text: 0.0001 секунд
Get user stats: 0.0000 секунд
Get user level: 0.0000 секунд
Update level label: 0.0002 секунд
TechCareApp init: 5.3169 секунд
Get system data (health check): 6.0628 секунд
Save system data: 0.0008 секунд
Predict system health (health check): 0.0000 секунд
Check thresholds: 0.0000 секунд
Check system health (monitoring): 6.0660 секунд
Get system data (startup diagnosis): 6.0152 секунд
Predict system health (startup diagnosis): 0.0000 секунд
GUI run: 8.0278 секунд
App run: 8.0288 секунд
Get system data (update data): 4.7175 секунд
Update main metrics: 0.0009 секунд
Predict system health (update data): 0.0000 секунд
Update health label: 0.0001 секунд
Update predictions text: 0.0001 секунд
Get user stats: 0.0000 секунд
Get user level: 0.0000 секунд
Update level label: 0.0002 секунд
TechCareApp init: 5.3926 секунд
GUI run: 5.0182 секунд
App run: 5.0194 секунд
